"../../../Engine/Content/EngineMeshes/Humanoid.uasset" 0
"../../../Driving_New/Content/Props/Woman/woman_casual_npc_Skeleton.uasset" 1
"../../../Driving_New/Content/Aim_Space_Hip.uasset" 2
"../../../Driving_New/Content/Props/TobisCar/TobiCarBlack.uasset" 3
"../../../Driving_New/Content/Props/TobisCar/Material_Car_black.uasset" 4
"../../../Driving_New/Content/Props/TobisCar/TobiCar.uasset" 5
"../../../Driving_New/Content/Props/TobisCar/MaterialWheel.uasset" 6
"../../../Driving_New/Content/Props/TobisCar/TobisCar_black.uasset" 7
"../../../Driving_New/Content/Character_Blueprint.uasset" 8
"../../../Driving_New/Content/Walk_01_Relaxed.uasset" 9
"../../../Driving_New/Content/Walk_Fwd_Rifle_Ironsights.uasset" 10
"../../../Driving_New/Content/AnimStarterPack/UE4_Mannequin/Mesh/UE4_Mannequin_Skeleton.uasset" 11
"../../../Driving_New/Content/AnimStarterPack/Aim_Space_Hip.uasset" 12
"../../../Driving_New/Content/AnimStarterPack/Aim_Space_Ironsights.uasset" 13
"../../../Driving_New/Content/AnimStarterPack/Crouch_to_Stand_Rifle_Hip.uasset" 14
"../../../Driving_New/Content/AnimStarterPack/Crouch_to_Stand_Rifle_Ironsights.uasset" 15
"../../../Driving_New/Content/AnimStarterPack/Crouch_Walk_Bwd_Rifle_Ironsights.uasset" 16
"../../../Driving_New/Content/AnimStarterPack/Crouch_Walk_Lt_Rifle_Ironsights.uasset" 17
"../../../Driving_New/Content/AnimStarterPack/Crouch_Walk_Rt_Rifle_Ironsights.uasset" 18
"../../../Driving_New/Content/AnimStarterPack/Death_1.uasset" 19
"../../../Driving_New/Content/AnimStarterPack/Death_2.uasset" 20
"../../../Driving_New/Content/AnimStarterPack/Death_3.uasset" 21
"../../../Driving_New/Content/AnimStarterPack/Death_Ironsights_1.uasset" 22
"../../../Driving_New/Content/AnimStarterPack/Death_Ironsights_2.uasset" 23
"../../../Driving_New/Content/AnimStarterPack/Equip_Rifle_Standing.uasset" 24
"../../../Driving_New/Content/AnimStarterPack/Fire_Rifle_Hip.uasset" 25
"../../../Driving_New/Content/AnimStarterPack/Fire_Shotgun_Hip.uasset" 26
"../../../Driving_New/Content/AnimStarterPack/Fire_Shotgun_Ironsights.uasset" 27
"../../../Driving_New/Content/AnimStarterPack/Hit_React_4.uasset" 28
"../../../Driving_New/Content/AnimStarterPack/Idle_Pistol.uasset" 29
"../../../Driving_New/Content/AnimStarterPack/Idle_Rifle_Ironsights.uasset" 30
"../../../Driving_New/Content/AnimStarterPack/Jump_From_Stand_Ironsights.uasset" 31
"../../../Driving_New/Content/AnimStarterPack/Prone_Death_1.uasset" 32
"../../../Driving_New/Content/AnimStarterPack/Prone_Death_2.uasset" 33
"../../../Driving_New/Content/AnimStarterPack/Prone_Fire_1.uasset" 34
"../../../Driving_New/Content/AnimStarterPack/Prone_Fire_2.uasset" 35
"../../../Driving_New/Content/AnimStarterPack/Prone_Idle.uasset" 36
"../../../Driving_New/Content/AnimStarterPack/Prone_Reload_Rifle.uasset" 37
"../../../Driving_New/Content/AnimStarterPack/Prone_Reload_Shotgun.uasset" 38
"../../../Driving_New/Content/AnimStarterPack/Prone_To_Stand.uasset" 39
"../../../Driving_New/Content/AnimStarterPack/Reload_Pistol.uasset" 40
"../../../Driving_New/Content/AnimStarterPack/Reload_Rifle_Ironsights.uasset" 41
"../../../Driving_New/Content/AnimStarterPack/Reload_Shotgun_Hip.uasset" 42
"../../../Driving_New/Content/AnimStarterPack/Reload_Shotgun_Ironsights.uasset" 43
"../../../Driving_New/Content/AnimStarterPack/Sprint_Fwd_Rifle.uasset" 44
"../../../Driving_New/Content/AnimStarterPack/Stand_to_Crouch_Rifle_Hip.uasset" 45
"../../../Driving_New/Content/AnimStarterPack/Stand_to_Crouch_Rifle_Ironsights.uasset" 46
"../../../Driving_New/Content/AnimStarterPack/Stand_To_Prone.uasset" 47
"../../../Driving_New/Content/AnimStarterPack/Walk_Bwd_Rifle_Ironsights.uasset" 48
"../../../Driving_New/Content/AnimStarterPack/Walk_Lt_Rifle_Ironsights.uasset" 49
"../../../Driving_New/Content/AnimStarterPack/Walk_Rt_Rifle_Ironsights.uasset" 50
"../../../Driving_New/Content/Blueprints/TP_VehicleAdvPawn5_Blueprint.uasset" 51
"../../../Driving_New/Content/Geometry/Meshes/CubeMaterial.uasset" 52
"../../../Driving_New/Content/Geometry/Meshes/TemplateFloor.uasset" 53
"../../../Driving_New/Content/Pedestrian_Walks_01/Character/Mesh/UE4_Mannequin_Skeleton.uasset" 54
"../../../Driving_New/Content/Pedestrian_Walks_01/Animation/In_Place/Walk_01_Relaxed_IP.uasset" 55
"../../../Driving_New/Content/Pedestrian_Walks_01/Animation/In_Place/Walk_02_Cheerful_Loop_IP.uasset" 56
"../../../Driving_New/Content/Pedestrian_Walks_01/Animation/In_Place/Walk_03_Mad_IP.uasset" 57
"../../../Driving_New/Content/Pedestrian_Walks_01/Animation/In_Place/Walk_04_Texting_IP.uasset" 58
"../../../Driving_New/Content/Pedestrian_Walks_01/Animation/In_Place/Walk_05_Phone_Call_IP.uasset" 59
"../../../Driving_New/Content/Pedestrian_Walks_01/Animation/In_Place/Walk_06_Look_Around_IP.uasset" 60
"../../../Driving_New/Content/Pedestrian_Walks_01/Animation/In_Place/Walk_07_Stroll_IP.uasset" 61
"../../../Driving_New/Content/Pedestrian_Walks_01/Animation/In_Place/Walk_08_Listen_Music_IP.uasset" 62
"../../../Driving_New/Content/Pedestrian_Walks_01/Animation/In_Place/Walk_09_Happy_Dance_Loop_IP.uasset" 63
"../../../Driving_New/Content/Pedestrian_Walks_01/Animation/In_Place/Walk_10_Running_Late_IP.uasset" 64
"../../../Driving_New/Content/Pedestrian_Walks_01/Animation/In_Place/Walk_11_Cautious_IP.uasset" 65
"../../../Driving_New/Content/Pedestrian_Walks_01/Animation/In_Place/Walk_12_Creeping_IP.uasset" 66
"../../../Driving_New/Content/Pedestrian_Walks_01/Animation/In_Place/Walk_13_Power_Walk_IP.uasset" 67
"../../../Driving_New/Content/Pedestrian_Walks_01/Animation/In_Place/Walk_14_Strut_Loop_IP.uasset" 68
"../../../Driving_New/Content/Pedestrian_Walks_01/Animation/In_Place/Walk_15_Skip_IP.uasset" 69
"../../../Driving_New/Content/Pedestrian_Walks_01/Animation/Root_Motion/Walk_01_Relaxed.uasset" 70
"../../../Driving_New/Content/Pedestrian_Walks_01/Animation/Root_Motion/Walk_01_Relaxed_Loop.uasset" 71
"../../../Driving_New/Content/Pedestrian_Walks_01/Animation/Root_Motion/Walk_02_Cheerful.uasset" 72
"../../../Driving_New/Content/Pedestrian_Walks_01/Animation/Root_Motion/Walk_02_Cheerful_Loop.uasset" 73
"../../../Driving_New/Content/Pedestrian_Walks_01/Animation/Root_Motion/Walk_03_Mad.uasset" 74
"../../../Driving_New/Content/Pedestrian_Walks_01/Animation/Root_Motion/Walk_03_Mad_Loop.uasset" 75
"../../../Driving_New/Content/Pedestrian_Walks_01/Animation/Root_Motion/Walk_04_Texting.uasset" 76
"../../../Driving_New/Content/Pedestrian_Walks_01/Animation/Root_Motion/Walk_04_Texting_Loop.uasset" 77
"../../../Driving_New/Content/Pedestrian_Walks_01/Animation/Root_Motion/Walk_05_Phone_Call.uasset" 78
"../../../Driving_New/Content/Pedestrian_Walks_01/Animation/Root_Motion/Walk_05_Phone_Call_Loop.uasset" 79
"../../../Driving_New/Content/Pedestrian_Walks_01/Animation/Root_Motion/Walk_06_Look_Around.uasset" 80
"../../../Driving_New/Content/Pedestrian_Walks_01/Animation/Root_Motion/Walk_06_Look_Around_Loop.uasset" 81
"../../../Driving_New/Content/Pedestrian_Walks_01/Animation/Root_Motion/Walk_07_Stroll.uasset" 82
"../../../Driving_New/Content/Pedestrian_Walks_01/Animation/Root_Motion/Walk_07_Stroll_Loop.uasset" 83
"../../../Driving_New/Content/Pedestrian_Walks_01/Animation/Root_Motion/Walk_08_Listen_Music.uasset" 84
"../../../Driving_New/Content/Pedestrian_Walks_01/Animation/Root_Motion/Walk_08_Listen_Music_Loop.uasset" 85
"../../../Driving_New/Content/Pedestrian_Walks_01/Animation/Root_Motion/Walk_09_Happy_Dance.uasset" 86
"../../../Driving_New/Content/Pedestrian_Walks_01/Animation/Root_Motion/Walk_09_Happy_Dance_Loop.uasset" 87
"../../../Driving_New/Content/Pedestrian_Walks_01/Animation/Root_Motion/Walk_10_Running_Late.uasset" 88
"../../../Driving_New/Content/Pedestrian_Walks_01/Animation/Root_Motion/Walk_10_Running_Late_Loop.uasset" 89
"../../../Driving_New/Content/Pedestrian_Walks_01/Animation/Root_Motion/Walk_11_Cautious.uasset" 90
"../../../Driving_New/Content/Pedestrian_Walks_01/Animation/Root_Motion/Walk_11_Cautious_Loop.uasset" 91
"../../../Driving_New/Content/Pedestrian_Walks_01/Animation/Root_Motion/Walk_12_Creeping.uasset" 92
"../../../Driving_New/Content/Pedestrian_Walks_01/Animation/Root_Motion/Walk_12_Creeping_Loop.uasset" 93
"../../../Driving_New/Content/Pedestrian_Walks_01/Animation/Root_Motion/Walk_13_Power_Walk.uasset" 94
"../../../Driving_New/Content/Pedestrian_Walks_01/Animation/Root_Motion/Walk_13_Power_Walk_Loop.uasset" 95
"../../../Driving_New/Content/Pedestrian_Walks_01/Animation/Root_Motion/Walk_14_Strut.uasset" 96
"../../../Driving_New/Content/Pedestrian_Walks_01/Animation/Root_Motion/Walk_14_Strut_Loop.uasset" 97
"../../../Driving_New/Content/Pedestrian_Walks_01/Animation/Root_Motion/Walk_15_Skip.uasset" 98
"../../../Driving_New/Content/Pedestrian_Walks_01/Animation/Root_Motion/Walk_15_Skip_Loop.uasset" 99
"../../../Driving_New/Content/Pedestrian_Walks_01/Character/Mesh/SK_Mannequin_Anim.uasset" 100
"../../../Driving_New/Content/Props/Material_002.uasset" 101
"../../../Driving_New/Content/Props/274-100.uasset" 102
"../../../Driving_New/Content/Props/Material_004.uasset" 103
"../../../Driving_New/Content/Props/274_100_uv.uasset" 104
"../../../Driving_New/Content/Props/Material.uasset" 105
"../../../Driving_New/Content/Props/bmw/TireDataAsset.uasset" 106
"../../../Driving_New/Content/Props/Car/dbl_3D_Object__32_001_ncl1_3.uasset" 107
"../../../Driving_New/Content/Props/Car/dbl_3D_Object__32_002_ncl1_3.uasset" 108
"../../../Driving_New/Content/Props/Car/dbl_3D_Object__32_003_ncl1_3.uasset" 109
"../../../Driving_New/Content/Props/Car/dbl_3D_Object__32_004_ncl1_3.uasset" 110
"../../../Driving_New/Content/Props/Car/BMW_X5_4_3D_Object__32_001.uasset" 111
"../../../Driving_New/Content/Props/Car/dbl_3D_Object__32_001_ncl1_2.uasset" 112
"../../../Driving_New/Content/Props/Car/dbl_3D_Object__32_002_ncl1_2.uasset" 113
"../../../Driving_New/Content/Props/Car/dbl_3D_Object__32_003_ncl1_2.uasset" 114
"../../../Driving_New/Content/Props/Car/dbl_3D_Object__32_004_ncl1_2.uasset" 115
"../../../Driving_New/Content/Props/Car/BMW_X5_4_3D_Object__32_003.uasset" 116
"../../../Driving_New/Content/Props/Car/dbl_3D_Object__32_001_ncl1_1.uasset" 117
"../../../Driving_New/Content/Props/Car/dbl_3D_Object__32_002_ncl1_1.uasset" 118
"../../../Driving_New/Content/Props/Car/dbl_3D_Object__32_003_ncl1_1.uasset" 119
"../../../Driving_New/Content/Props/Car/dbl_3D_Object__32_004_ncl1_1.uasset" 120
"../../../Driving_New/Content/Props/Car/BMW_X5_4_3D_Object__32_005.uasset" 121
"../../../Driving_New/Content/Props/Car/dbl_3D_Object__32_001.uasset" 122
"../../../Driving_New/Content/Props/Car/dbl_3D_Object__32_002.uasset" 123
"../../../Driving_New/Content/Props/Car/dbl_3D_Object__32_003.uasset" 124
"../../../Driving_New/Content/Props/Car/dbl_3D_Object__32_004.uasset" 125
"../../../Driving_New/Content/Props/Car/BMW_X5_4_3D_Object__32_007.uasset" 126
"../../../Engine/Content/Functions/Engine_MaterialFunctions01/Opacity/CameraDepthFade.uasset" 127
"../../../Engine/Content/EngineMaterials/T_Default_Material_Grid_M.uasset" 128
"../../../Engine/Content/EngineMaterials/T_Default_Material_Grid_N.uasset" 129
"../../../Engine/Content/EngineMaterials/WorldGridMaterial.uasset" 130
"../../../Driving_New/Content/Props/Car/BMW_X5_4_915_1_001.uasset" 131
"../../../Driving_New/Content/Props/Car/BMW_X5_4_915_1_002.uasset" 132
"../../../Driving_New/Content/Props/Car/dbl_bonnet_ok_001.uasset" 133
"../../../Driving_New/Content/Props/Car/dbl_bonnet_ok_002_ncl1_2.uasset" 134
"../../../Driving_New/Content/Props/Car/dbl_bonnet_ok_004.uasset" 135
"../../../Driving_New/Content/Props/Car/dbl_bonnet_ok_006.uasset" 136
"../../../Driving_New/Content/Props/Car/dbl_WITHOUT_PE_002_ncl1_9.uasset" 137
"../../../Driving_New/Content/Props/Car/dbl_WITHOUT_PE_003_ncl1_2.uasset" 138
"../../../Driving_New/Content/StarterContent/Textures/T_MacroVariation.uasset" 139
"../../../Driving_New/Content/StarterContent/Materials/M_Metal_Chrome.uasset" 140
"../../../Driving_New/Content/Props/Car/BMW_X5_4_bonnet_ok_001.uasset" 141
"../../../Driving_New/Content/Props/Car/dbl_boot_ok_001.uasset" 142
"../../../Driving_New/Content/Props/Car/dbl_boot_ok_002_ncl1_4.uasset" 143
"../../../Driving_New/Content/Props/Car/dbl_boot_ok_003_ncl1_1.uasset" 144
"../../../Driving_New/Content/Props/Car/dbl_WITHOUT_PE_002_ncl1_8.uasset" 145
"../../../Driving_New/Content/Props/Car/dbl_WITHOUT_PE_003_ncl1_1.uasset" 146
"../../../Driving_New/Content/Props/Car/dbl_WITHOUT_PE_010_ncl1_1.uasset" 147
"../../../Driving_New/Content/Props/Car/dbl_WITHOUT_PE_015_ncl1_2.uasset" 148
"../../../Driving_New/Content/Props/Car/dbl_WITHOUT_PE_017.uasset" 149
"../../../Driving_New/Content/Props/Car/BMW_X5_4_boot_ok_001.uasset" 150
"../../../Driving_New/Content/Props/Car/dbl_DONT_EDIT_001.uasset" 151
"../../../Driving_New/Content/Props/Car/dbl_DONT_EDIT_002.uasset" 152
"../../../Driving_New/Content/Props/Car/dbl_DONT_EDIT_003.uasset" 153
"../../../Driving_New/Content/Props/Car/dbl_DONT_EDIT_004.uasset" 154
"../../../Driving_New/Content/Props/Car/dbl_DONT_EDIT_005.uasset" 155
"../../../Driving_New/Content/Props/Car/dbl_DONT_EDIT_006.uasset" 156
"../../../Driving_New/Content/Props/Car/dbl_DONT_EDIT_007.uasset" 157
"../../../Driving_New/Content/Props/Car/dbl_DONT_EDIT_008.uasset" 158
"../../../Driving_New/Content/Props/Car/dbl_DONT_EDIT_009.uasset" 159
"../../../Driving_New/Content/Props/Car/dbl_DONT_EDIT_010.uasset" 160
"../../../Driving_New/Content/Props/Car/dbl_DONT_EDIT_011.uasset" 161
"../../../Driving_New/Content/Props/Car/dbl_DONT_EDIT_012.uasset" 162
"../../../Driving_New/Content/Props/Car/dbl_DONT_EDIT_013.uasset" 163
"../../../Driving_New/Content/Props/Car/dbl_DONT_EDIT_014.uasset" 164
"../../../Driving_New/Content/Props/Car/dbl_DONT_EDIT_015.uasset" 165
"../../../Driving_New/Content/Props/Car/dbl_DONT_EDIT_016.uasset" 166
"../../../Driving_New/Content/Props/Car/dbl_DONT_EDIT_017.uasset" 167
"../../../Driving_New/Content/Props/Car/dbl_DONT_EDIT_018.uasset" 168
"../../../Driving_New/Content/Props/Car/dbl_DONT_EDIT_019.uasset" 169
"../../../Driving_New/Content/Props/Car/dbl_WITHOUT_PE_002_ncl1_4.uasset" 170
"../../../Driving_New/Content/Props/Car/dbl_WITHOUT_PE_016.uasset" 171
"../../../Driving_New/Content/Props/Car/BMW_X5_4_DONT_EDIT_001.uasset" 172
"../../../Driving_New/Content/Props/Car/dbl_boot_ok_002.uasset" 173
"../../../Driving_New/Content/Props/Car/dbl_door_lf_ok_001.uasset" 174
"../../../Driving_New/Content/Props/Car/dbl_door_lr_ok_001.uasset" 175
"../../../Driving_New/Content/Props/Car/dbl_door_rf_ok_001.uasset" 176
"../../../Driving_New/Content/Props/Car/dbl_door_rf_ok_002.uasset" 177
"../../../Driving_New/Content/Props/Car/dbl_WITHOUT_PE_002.uasset" 178
"../../../Driving_New/Content/Props/Car/dbl_WITHOUT_PE_004.uasset" 179
"../../../Driving_New/Content/Props/Car/dbl_WITHOUT_PE_015.uasset" 180
"../../../Driving_New/Content/Props/Car/dbl_WITHOUT_PE_027.uasset" 181
"../../../Driving_New/Content/Props/Car/BMW_X5_4_door_lf_ok_001.uasset" 182
"../../../Driving_New/Content/Props/Car/dbl_door_rr_ok_001.uasset" 183
"../../../Driving_New/Content/Props/Car/dbl_door_rr_ok_002.uasset" 184
"../../../Driving_New/Content/Props/Car/dbl_door_rr_ok_003.uasset" 185
"../../../Driving_New/Content/Props/Car/dbl_WITHOUT_PE_001.uasset" 186
"../../../Driving_New/Content/Props/Car/dbl_WITHOUT_PE_002_ncl1_6.uasset" 187
"../../../Driving_New/Content/Props/Car/dbl_WITHOUT_PE_004_ncl1_1.uasset" 188
"../../../Driving_New/Content/Props/Car/BMW_X5_4_door_lr_ok_001.uasset" 189
"../../../Driving_New/Content/Props/Car/dbl_boot_ok_002_ncl1_2.uasset" 190
"../../../Driving_New/Content/Props/Car/dbl_door_lr_ok_001_ncl1_1.uasset" 191
"../../../Driving_New/Content/Props/Car/dbl_door_rf_ok_001_ncl1_1.uasset" 192
"../../../Driving_New/Content/Props/Car/dbl_door_rf_ok_002_ncl1_2.uasset" 193
"../../../Driving_New/Content/Props/Car/dbl_WITHOUT_PE_002_ncl1_5.uasset" 194
"../../../Driving_New/Content/Props/Car/dbl_WITHOUT_PE_005.uasset" 195
"../../../Driving_New/Content/Props/Car/dbl_WITHOUT_PE_015_ncl1_1.uasset" 196
"../../../Driving_New/Content/Props/Car/dbl_WITHOUT_PE_021.uasset" 197
"../../../Driving_New/Content/Props/Car/dbl_WITHOUT_PE_027_ncl1_1.uasset" 198
"../../../Driving_New/Content/Props/Car/BMW_X5_4_door_rf_ok_001.uasset" 199
"../../../Driving_New/Content/Props/Car/dbl_door_rr_ok_001_ncl1_1.uasset" 200
"../../../Driving_New/Content/Props/Car/dbl_door_rr_ok_002_ncl1_1.uasset" 201
"../../../Driving_New/Content/Props/Car/dbl_door_rr_ok_003_ncl1_1.uasset" 202
"../../../Driving_New/Content/Props/Car/dbl_WITHOUT_PE_001_ncl1_1.uasset" 203
"../../../Driving_New/Content/Props/Car/dbl_WITHOUT_PE_002_ncl1_7.uasset" 204
"../../../Driving_New/Content/Props/Car/dbl_WITHOUT_PE_004_ncl1_2.uasset" 205
"../../../Driving_New/Content/Props/Car/BMW_X5_4_door_rr_ok_001.uasset" 206
"../../../Driving_New/Content/Props/Car/BMW_X5_4_D_1_001.uasset" 207
"../../../Driving_New/Content/Props/Car/BMW_X5_4_D_1_002.uasset" 208
"../../../Driving_New/Content/Props/Car/dbl_bonnet_ok_002_ncl1_1.uasset" 209
"../../../Driving_New/Content/Props/Car/dbl_fara_lf_001_ncl1_1.uasset" 210
"../../../Driving_New/Content/Props/Car/dbl_Group_003_ncl1_1.uasset" 211
"../../../Driving_New/Content/Props/Car/dbl_WITHOUT_PE_009_ncl1_1.uasset" 212
"../../../Driving_New/Content/Props/Car/BMW_X5_4_fara_lf_001.uasset" 213
"../../../Driving_New/Content/Props/Car/dbl_bonnet_ok_002.uasset" 214
"../../../Driving_New/Content/Props/Car/dbl_fara_lf_001.uasset" 215
"../../../Driving_New/Content/Props/Car/dbl_Group_003.uasset" 216
"../../../Driving_New/Content/Props/Car/dbl_WITHOUT_PE_009.uasset" 217
"../../../Driving_New/Content/Props/Car/BMW_X5_4_fara_lf_003.uasset" 218
"../../../Driving_New/Content/Props/Car/dbl_Group_001.uasset" 219
"../../../Driving_New/Content/Props/Car/dbl_Group_002.uasset" 220
"../../../Driving_New/Content/Props/Car/BMW_X5_4_Group_001.uasset" 221
"../../../Driving_New/Content/Props/Car/dbl_boot_ok_003.uasset" 222
"../../../Driving_New/Content/Props/Car/dbl_Group_003_ncl1_2.uasset" 223
"../../../Driving_New/Content/Props/Car/dbl_WITHOUT_PE_002_ncl1_3.uasset" 224
"../../../Driving_New/Content/Props/Car/dbl_WITHOUT_PE_003.uasset" 225
"../../../Driving_New/Content/Props/Car/BMW_X5_4_Group_002.uasset" 226
"../../../Driving_New/Content/Props/Car/dbl_door_rf_ok_002_ncl1_1.uasset" 227
"../../../Driving_New/Content/Props/Car/dbl_Group_004.uasset" 228
"../../../Driving_New/Content/Props/Car/dbl_Group_005.uasset" 229
"../../../Driving_New/Content/Props/Car/dbl_Group_006.uasset" 230
"../../../Driving_New/Content/Props/Car/dbl_Group_007.uasset" 231
"../../../Driving_New/Content/Props/Car/dbl_Group_008.uasset" 232
"../../../Driving_New/Content/Props/Car/dbl_Group_009.uasset" 233
"../../../Driving_New/Content/Props/Car/dbl_WITHOUT_PE_002_ncl1_2.uasset" 234
"../../../Driving_New/Content/Props/Car/BMW_X5_4_Group_004.uasset" 235
"../../../Driving_New/Content/Props/Car/BMW_X5_4_MTK_1_001.uasset" 236
"../../../Driving_New/Content/Props/Car/BMW_X5_4_MTK_1_002.uasset" 237
"../../../Driving_New/Content/Props/Car/BMW_X5_4_M_3_001.uasset" 238
"../../../Driving_New/Content/Props/Car/BMW_X5_4_M_3_002.uasset" 239
"../../../Driving_New/Content/Props/Car/dbl_Plate_08_001_ncl1_1.uasset" 240
"../../../Driving_New/Content/Props/Car/dbl_Plate_08_002_ncl1_1.uasset" 241
"../../../Driving_New/Content/Props/Car/dbl_Plate_08_003_ncl1_1.uasset" 242
"../../../Driving_New/Content/Props/Car/dbl_Plate_08_004_ncl1_1.uasset" 243
"../../../Driving_New/Content/Props/Car/dbl_Plate_08_005_ncl1_3.uasset" 244
"../../../Driving_New/Content/Props/Car/dbl_Plate_08_006_ncl1_1.uasset" 245
"../../../Driving_New/Content/Props/Car/BMW_X5_4_Plate_08_001.uasset" 246
"../../../Driving_New/Content/Props/Car/dbl_Plate_08_001.uasset" 247
"../../../Driving_New/Content/Props/Car/dbl_Plate_08_002.uasset" 248
"../../../Driving_New/Content/Props/Car/dbl_Plate_08_003.uasset" 249
"../../../Driving_New/Content/Props/Car/dbl_Plate_08_004.uasset" 250
"../../../Driving_New/Content/Props/Car/dbl_Plate_08_005_ncl1_1.uasset" 251
"../../../Driving_New/Content/Props/Car/dbl_Plate_08_006.uasset" 252
"../../../Driving_New/Content/Props/Car/BMW_X5_4_Plate_08_003.uasset" 253
"../../../Driving_New/Content/Props/Car/dbl_boot_ok_002_ncl1_1.uasset" 254
"../../../Driving_New/Content/Props/Car/dbl_steklo_001.uasset" 255
"../../../Driving_New/Content/Props/Car/dbl_WITHOUT_PE_002_ncl1_1.uasset" 256
"../../../Driving_New/Content/Props/Car/dbl_WITHOUT_PE_010.uasset" 257
"../../../Driving_New/Content/Props/Car/BMW_X5_4_steklo_001.uasset" 258
"../../../Driving_New/Content/Props/Car/dbl_svetilo_001.uasset" 259
"../../../Driving_New/Content/Props/Car/dbl_svetilo_002.uasset" 260
"../../../Driving_New/Content/Props/Car/dbl_svetilo_003.uasset" 261
"../../../Driving_New/Content/Props/Car/dbl_svetilo_004.uasset" 262
"../../../Driving_New/Content/Props/Car/dbl_svetilo_005.uasset" 263
"../../../Driving_New/Content/Props/Car/BMW_X5_4_svetilo_001.uasset" 264
"../../../Driving_New/Content/Props/Car/BMW_X5_4_wheel_001.uasset" 265
"../../../Driving_New/Content/Props/Car/BMW_X5_4_wheel_002.uasset" 266
"../../../Driving_New/Content/Props/Car/BMW_X5_4_wheel_003.uasset" 267
"../../../Driving_New/Content/Props/Car/BMW_X5_4_wheel_004.uasset" 268
"../../../Driving_New/Content/Props/Car/BMW_X5_4_windscre01_001.uasset" 269
"../../../Driving_New/Content/Props/Car/dbl_WITHOUT_PE_001_ncl1_2.uasset" 270
"../../../Driving_New/Content/Props/Car/dbl_WITHOUT_PE_002_ncl1_10.uasset" 271
"../../../Driving_New/Content/Props/Car/dbl_WITHOUT_PE_004_ncl1_3.uasset" 272
"../../../Driving_New/Content/Props/Car/dbl_WITHOUT_PE_005_ncl1_1.uasset" 273
"../../../Driving_New/Content/Props/Car/dbl_WITHOUT_PE_006.uasset" 274
"../../../Driving_New/Content/Props/Car/dbl_WITHOUT_PE_007.uasset" 275
"../../../Driving_New/Content/Props/Car/dbl_WITHOUT_PE_009_ncl1_2.uasset" 276
"../../../Driving_New/Content/Props/Car/dbl_WITHOUT_PE_010_ncl1_2.uasset" 277
"../../../Driving_New/Content/Props/Car/dbl_WITHOUT_PE_011.uasset" 278
"../../../Driving_New/Content/Props/Car/dbl_WITHOUT_PE_012.uasset" 279
"../../../Driving_New/Content/Props/Car/dbl_WITHOUT_PE_013_ncl1_1.uasset" 280
"../../../Driving_New/Content/Props/Car/dbl_WITHOUT_PE_014.uasset" 281
"../../../Driving_New/Content/Props/Car/dbl_WITHOUT_PE_016_ncl1_1.uasset" 282
"../../../Driving_New/Content/Props/Car/dbl_WITHOUT_PE_017_ncl1_1.uasset" 283
"../../../Driving_New/Content/Props/Car/dbl_WITHOUT_PE_018.uasset" 284
"../../../Driving_New/Content/Props/Car/dbl_WITHOUT_PE_019.uasset" 285
"../../../Driving_New/Content/Props/Car/dbl_WITHOUT_PE_020.uasset" 286
"../../../Driving_New/Content/Props/Car/dbl_WITHOUT_PE_021_ncl1_1.uasset" 287
"../../../Driving_New/Content/Props/Car/dbl_WITHOUT_PE_022.uasset" 288
"../../../Driving_New/Content/Props/Car/dbl_WITHOUT_PE_023.uasset" 289
"../../../Driving_New/Content/Props/Car/dbl_WITHOUT_PE_024.uasset" 290
"../../../Driving_New/Content/Props/Car/dbl_WITHOUT_PE_025.uasset" 291
"../../../Driving_New/Content/Props/Car/dbl_WITHOUT_PE_026.uasset" 292
"../../../Driving_New/Content/Props/Car/dbl_WITHOUT_PE_027_ncl1_2.uasset" 293
"../../../Driving_New/Content/Props/Car/dbl_WITHOUT_PE_028.uasset" 294
"../../../Driving_New/Content/Props/Car/dbl_WITHOUT_PE_029.uasset" 295
"../../../Driving_New/Content/Props/Car/dbl_WITHOUT_PE_030.uasset" 296
"../../../Driving_New/Content/Props/Car/dbl_WITHOUT_PE_031.uasset" 297
"../../../Driving_New/Content/Props/Car/BMW_X5_4_WITHOUT_PE_001.uasset" 298
"../../../Driving_New/Content/Props/Car/dbl_bonnet_ok_003.uasset" 299
"../../../Driving_New/Content/Props/Car/dbl_bonnet_ok_005.uasset" 300
"../../../Driving_New/Content/Props/Car/dbl_WITHOUT_PE_003_ncl1_3.uasset" 301
"../../../Driving_New/Content/Props/Car/dbl_WITHOUT_PE_008.uasset" 302
"../../../Driving_New/Content/Props/Car/dbl_WITHOUT_PE_013.uasset" 303
"../../../Driving_New/Content/Props/Car/dbl_WITHOUT_PE_015_ncl1_3.uasset" 304
"../../../Driving_New/Content/Props/TaxiCar/TaxiCar01Glass.uasset" 305
"../../../Driving_New/Content/Props/TobisCar/TaxiCar01Glass.uasset" 306
"../../../Driving_New/Content/Props/TobisCar/TobisCar_glass.uasset" 307
"../../../Driving_New/Content/StarterContent/Materials/M_Basic_Wall.uasset" 308
"../../../Driving_New/Content/StarterContent/Architecture/Pillar_50x500.uasset" 309
"../../../Driving_New/Content/StarterContent/Architecture/Wall_400x300.uasset" 310
"../../../Driving_New/Content/StarterContent/Architecture/Wall_400x400.uasset" 311
"../../../Driving_New/Content/StarterContent/Architecture/Wall_500x500.uasset" 312
"../../../Driving_New/Content/StarterContent/Architecture/Wall_Door_400x400.uasset" 313
"../../../Driving_New/Content/StarterContent/Architecture/Wall_Window_400x400.uasset" 314
"../../../Driving_New/Content/StarterContent/Audio/Light01_Cue.uasset" 315
"../../../Driving_New/Content/StarterContent/Audio/Light02_Cue.uasset" 316
"../../../Driving_New/Content/StarterContent/Audio/Explosion_Cue.uasset" 317
"../../../Driving_New/Content/StarterContent/Textures/T_Burst_M.uasset" 318
"../../../Driving_New/Content/StarterContent/Particles/Materials/M_Burst.uasset" 319
"../../../Driving_New/Content/StarterContent/Textures/T_Explosion_SubUV.uasset" 320
"../../../Driving_New/Content/StarterContent/Particles/Materials/M_explosion_subUV.uasset" 321
"../../../Driving_New/Content/StarterContent/Particles/Materials/m_flare_01.uasset" 322
"../../../Engine/Content/Functions/Engine_MaterialFunctions01/Gradient/RadialGradient.uasset" 323
"../../../Driving_New/Content/StarterContent/Particles/Materials/M_radial_ramp.uasset" 324
"../../../Driving_New/Content/StarterContent/Textures/T_Smoke_SubUV.uasset" 325
"../../../Driving_New/Content/StarterContent/Textures/T_Smoke_Tiled_D.uasset" 326
"../../../Driving_New/Content/StarterContent/Particles/Materials/M_smoke_subUV.uasset" 327
"../../../Driving_New/Content/StarterContent/Particles/P_Explosion.uasset" 328
"../../../Driving_New/Content/StarterContent/Blueprints/Blueprint_Effect_Explosion.uasset" 329
"../../../Engine/Content/EditorMeshes/ColorCalibrator/T_ColorGrid.uasset" 330
"../../../Driving_New/Content/StarterContent/Materials/M_ColorGrid_LowSpec.uasset" 331
"../../../Driving_New/Content/StarterContent/Textures/T_Bush_D.uasset" 332
"../../../Driving_New/Content/StarterContent/Textures/T_Bush_N.uasset" 333
"../../../Driving_New/Content/StarterContent/Props/Materials/M_Bush.uasset" 334
"../../../Driving_New/Content/StarterContent/Props/SM_Bush.uasset" 335
"../../../Driving_New/Content/StarterContent/Textures/T_Chair_M.uasset" 336
"../../../Driving_New/Content/StarterContent/Textures/T_Chair_N.uasset" 337
"../../../Driving_New/Content/StarterContent/Props/Materials/M_Chair.uasset" 338
"../../../Driving_New/Content/StarterContent/Props/SM_Couch.uasset" 339
"../../../Driving_New/Content/StarterContent/Materials/M_Glass.uasset" 340
"../../../Driving_New/Content/StarterContent/Textures/T_Door_M.uasset" 341
"../../../Driving_New/Content/StarterContent/Textures/T_Door_N.uasset" 342
"../../../Driving_New/Content/StarterContent/Props/Materials/M_Door.uasset" 343
"../../../Driving_New/Content/StarterContent/Props/SM_Door.uasset" 344
"../../../Driving_New/Content/StarterContent/Props/Materials/M_MaterialSphere.uasset" 345
"../../../Driving_New/Content/StarterContent/Props/Materials/M_MaterialSphere_Plain.uasset" 346
"../../../Driving_New/Content/StarterContent/Props/SM_MatPreviewMesh_02.uasset" 347
"../../../Engine/Content/Functions/Engine_MaterialFunctions02/Utility/BlendAngleCorrectedNormals.uasset" 348
"../../../Driving_New/Content/StarterContent/Textures/T_Detail_Rocky_N.uasset" 349
"../../../Driving_New/Content/StarterContent/Textures/T_Rock_Basalt_D.uasset" 350
"../../../Driving_New/Content/StarterContent/Textures/T_RockMesh_M.uasset" 351
"../../../Driving_New/Content/StarterContent/Textures/T_RockMesh_N.uasset" 352
"../../../Driving_New/Content/StarterContent/Props/Materials/M_Rock.uasset" 353
"../../../Driving_New/Content/StarterContent/Props/SM_Rock.uasset" 354
"../../../Driving_New/Content/StarterContent/Textures/T_Shelf_M.uasset" 355
"../../../Driving_New/Content/StarterContent/Textures/T_Shelf_N.uasset" 356
"../../../Driving_New/Content/StarterContent/Props/Materials/M_Shelf.uasset" 357
"../../../Driving_New/Content/StarterContent/Props/SM_Shelf.uasset" 358
"../../../Driving_New/Content/StarterContent/Materials/M_Basic_Floor.uasset" 359
"../../../Driving_New/Content/StarterContent/Props/SM_Stairs.uasset" 360
"../../../Driving_New/Content/StarterContent/Shapes/Shape_Cone.uasset" 361
"../../../Driving_New/Content/StarterContent/Shapes/Shape_Cylinder.uasset" 362
"../../../Driving_New/Content/StarterContent/Shapes/Shape_NarrowCapsule.uasset" 363
"../../../Driving_New/Content/StarterContent/Shapes/Shape_Pipe.uasset" 364
"../../../Driving_New/Content/StarterContent/Shapes/Shape_Pipe_180.uasset" 365
"../../../Driving_New/Content/StarterContent/Shapes/Shape_Pipe_90.uasset" 366
"../../../Driving_New/Content/StarterContent/Shapes/Shape_Plane.uasset" 367
"../../../Driving_New/Content/StarterContent/Shapes/Shape_Torus.uasset" 368
"../../../Driving_New/Content/StarterContent/Shapes/Shape_Trim.uasset" 369
"../../../Driving_New/Content/StarterContent/Shapes/Shape_Trim_90_In.uasset" 370
"../../../Driving_New/Content/StarterContent/Shapes/Shape_Trim_90_Out.uasset" 371
"../../../Driving_New/Content/StarterContent/Shapes/Shape_TriPyramid.uasset" 372
"../../../Driving_New/Content/StarterContent/Shapes/Shape_Tube.uasset" 373
"../../../Driving_New/Content/StarterContent/Shapes/Shape_Wedge_A.uasset" 374
"../../../Driving_New/Content/StarterContent/Shapes/Shape_Wedge_B.uasset" 375
"../../../Driving_New/Content/StarterContent/Shapes/Shape_WideCapsule.uasset" 376
"../../../Driving_New/Content/Textures/RoadTexture_BaseColor_Alpha.uasset" 377
"../../../Driving_New/Content/Textures/RoadTexture_Normal_Alpha.uasset" 378
"../../../Engine/Content/MobileResources/HUD/VirtualJoystick_Thumb.uasset" 379
"../../../Driving_New/Content/Vehicle/Textures/VehicleJoystick_BackgroundL.uasset" 380
"../../../Driving_New/Content/Vehicle/Textures/VehicleJoystick_BackgroundR.uasset" 381
"../../../Driving_New/Content/Vehicle/Sedan/SedanVirtualJoysticks.uasset" 382
"../../../Driving_New/Content/Vehicle/Sedan/Materials/M_Vehicle_Sedan.uasset" 383
"../../../Driving_New/Content/Vehicle/Sedan/Materials/M_Vehicle_Sedan_Inst_Paint.uasset" 384
"../../../Driving_New/Content/VehicleAdv/Materials/MasterSolidColor.uasset" 385
"../../../Driving_New/Content/VehicleAdv/Materials/MaterialInstances/SolidOrange.uasset" 386
"../../../Driving_New/Content/VehicleAdv/ArenaMesh/BumpWave.uasset" 387
"../../../Driving_New/Content/VehicleAdv/ArenaMesh/BumpWaveSmall.uasset" 388
"../../../Driving_New/Content/VehicleAdv/ArenaMesh/BumpWedge.uasset" 389
"../../../Driving_New/Content/VehicleAdv/ArenaMesh/CubeMaterial.uasset" 390
"../../../Driving_New/Content/VehicleAdv/ArenaMesh/LoopBig.uasset" 391
"../../../Driving_New/Content/VehicleAdv/ArenaMesh/LoopSmall.uasset" 392
"../../../Engine/Content/EngineMaterials/Grid.uasset" 393
"../../../Driving_New/Content/VehicleAdv/Materials/MasterGrid.uasset" 394
"../../../Driving_New/Content/VehicleAdv/Materials/MaterialInstances/RedGrid.uasset" 395
"../../../Driving_New/Content/VehicleAdv/ArenaMesh/pole.uasset" 396
"../../../Driving_New/Content/VehicleAdv/ArenaMesh/RampLarge.uasset" 397
"../../../Driving_New/Content/VehicleAdv/ArenaMesh/RampTwist.uasset" 398
"../../../Driving_New/Content/VehicleAdv/ArenaMesh/RoadSegment_01.uasset" 399
"../../../Driving_New/Content/StarterContent/Textures/T_Tech_Hex_Tile_M.uasset" 400
"../../../Driving_New/Content/StarterContent/Textures/T_Tech_Hex_Tile_N.uasset" 401
"../../../Driving_New/Content/StarterContent/Materials/M_Tech_Hex_Tile_Pulse.uasset" 402
"../../../Driving_New/Content/VehicleAdv/Materials/MaterialInstances/BlackGrid.uasset" 403
"../../../Driving_New/Content/VehicleAdv/ArenaMesh/StraightFull.uasset" 404
"../../../Driving_New/Content/VehicleAdv/ArenaMesh/StraightHalf.uasset" 405
"../../../Driving_New/Content/VehicleAdv/ArenaMesh/StraightQuarter.uasset" 406
"../../../Driving_New/Content/VehicleAdv/Materials/MaterialInstances/SolidRed.uasset" 407
"../../../Driving_New/Content/VehicleAdv/ArenaMesh/turn_22andhalf.uasset" 408
"../../../Driving_New/Content/VehicleAdv/ArenaMesh/Turn_45.uasset" 409
"../../../Driving_New/Content/VehicleAdv/ArenaMesh/Turn_90.uasset" 410
"../../../Driving_New/Content/VehicleAdv/ArenaMesh/Turn_90Large.uasset" 411
"../../../Driving_New/Content/VehicleAdv/Materials/Landscape.uasset" 412
"../../../Driving_New/Content/VehicleAdv/Materials/MaterialInstances/LandscapeNoHole.uasset" 413
"../../../Driving_New/Content/VehicleAdv/Materials/Fixed_Template_Master.uasset" 414
"../../../Driving_New/Content/VehicleAdv/Materials/MaterialInstances/Template_BaseBlue.uasset" 415
"../../../Driving_New/Content/VehicleAdv/Sound/Engine_att.uasset" 416
"../../../Driving_New/Content/VehicleAdv/Sound/Engine_Loop_Cue.uasset" 417
"../../../Driving_New/Content/VehicleAdv/Sound/Engine_Speed_02_Loop.uasset" 418
"../../../Driving_New/Content/VehicleAdv/Sound/Engine_Speed_04_Loop.uasset" 419
"../../../Driving_New/Content/VehicleAdv/Sound/Engine_Speed_06_Loop.uasset" 420
"../../../Driving_New/Content/VehicleAdv/Textures/VehicleJoystick_BackgroundL.uasset" 421
"../../../Driving_New/Content/VehicleAdv/Textures/VehicleJoystick_BackgroundR.uasset" 422
"../../../Engine/Content/MobileResources/HUD/VirtualJoystick_Background.uasset" 423
"../../../Driving_New/Content/VehicleAdv/Vehicle/LeftVirtualJoystickOnly.uasset" 424
"../../../Driving_New/Content/VehicleAdv/Vehicle/VehicleSkeleton.uasset" 425
"../../../Driving_New/Content/VehicleAdv/Vehicle/VehicleAnimationBlueprint.uasset" 426
"../../../Driving_New/Content/VehicleAdv/Vehicle/VehicleBodyCollision.uasset" 427
"../../../Driving_New/Content/VehicleAdv/PhysicsMaterials/Slippery.uasset" 428
"../../../Driving_New/Content/VehicleAdvCPP/Maps/LayerInfo/Desert_LayerInfo.uasset" 429
"../../../Driving_New/Content/VehicleAdvCPP/Maps/LayerInfo/Track_LayerInfo.uasset" 430
"../../../Engine/Content/EngineMaterials/DefaultMaterial.uasset" 431
"../../../Engine/Content/BasicShapes/Cone.uasset" 432
"../../../Engine/Content/BasicShapes/Cube.uasset" 433
"../../../Engine/Content/BasicShapes/Cylinder.uasset" 434
"../../../Engine/Content/BasicShapes/Plane.uasset" 435
"../../../Engine/Content/BasicShapes/Sphere.uasset" 436
"../../../Engine/Content/EditorLandscapeResources/DataLayer.uasset" 437
"../../../Engine/Content/EditorMaterials/GizmoMaterial.uasset" 438
"../../../Engine/Content/EditorMaterials/MAT_Groups_Toggle.uasset" 439
"../../../Engine/Content/EditorMaterials/MAT_Groups_Visibility.uasset" 440
"../../../Engine/Content/EditorMaterials/PreviewShadowIndicator.uasset" 441
"../../../Engine/Content/EditorMaterials/PreviewShadowIndicatorMaterial.uasset" 442
"../../../Engine/Content/EditorMaterials/AssetViewer/EpicQuadPanorama_CC+EV1.uasset" 443
"../../../Engine/Content/EditorMaterials/MatineeGroups/MAT_ColorTrack.uasset" 444
"../../../Engine/Content/EditorMaterials/MatineeGroups/MAT_Groups_Anim.uasset" 445
"../../../Engine/Content/EditorMaterials/MatineeGroups/MAT_Groups_AudioMaster.uasset" 446
"../../../Engine/Content/EditorMaterials/MatineeGroups/MAT_Groups_Director.uasset" 447
"../../../Engine/Content/EditorMaterials/MatineeGroups/MAT_Groups_Event.uasset" 448
"../../../Engine/Content/EditorMaterials/MatineeGroups/MAT_Groups_Fade.uasset" 449
"../../../Engine/Content/EditorMaterials/MatineeGroups/MAT_Groups_Float.uasset" 450
"../../../Engine/Content/EditorMaterials/MatineeGroups/MAT_Groups_Move.uasset" 451
"../../../Engine/Content/EditorMaterials/MatineeGroups/MAT_Groups_Slomo.uasset" 452
"../../../Engine/Content/EditorMaterials/MatineeGroups/MAT_Groups_Sound.uasset" 453
"../../../Engine/Content/EditorMaterials/MatineeGroups/MAT_Groups_Vector.uasset" 454
"../../../Engine/Content/EditorMaterials/ParticleSystems/PSysThumbnail_NoImage.uasset" 455
"../../../Engine/Content/EditorMaterials/ParticleSystems/PSysThumbnail_OOD.uasset" 456
"../../../Engine/Content/EditorMaterials/Camera/CineMat.uasset" 457
"../../../Engine/Content/EditorMaterials/Camera/MI_CineMat_Rig.uasset" 458
"../../../Engine/Content/EditorMeshes/Camera/SM_CraneRig_Arm.uasset" 459
"../../../Engine/Content/EditorMeshes/Camera/SM_CraneRig_Base.uasset" 460
"../../../Engine/Content/EditorMeshes/Camera/SM_CraneRig_Body.uasset" 461
"../../../Engine/Content/EditorMeshes/Camera/SM_CraneRig_Mount.uasset" 462
"../../../Engine/Content/EditorMeshes/Camera/SM_RailRig_Mount.uasset" 463
"../../../Engine/Content/EditorMeshes/Camera/SM_RailRig_Track.uasset" 464
"../../../Engine/Content/EditorResources/BSPVertex.uasset" 465
"../../../Engine/Content/EditorResources/EmptyActor.uasset" 466
"../../../Engine/Content/EditorResources/S_Actor.uasset" 467
"../../../Engine/Content/EditorResources/S_Trigger.uasset" 468
"../../../Engine/Content/EditorResources/AudioIcons/S_AudioComponent.uasset" 469
"../../../Engine/Content/EditorResources/AudioIcons/S_AudioComponent_AutoActivate.uasset" 470
"../../../Engine/Content/EditorResources/LightIcons/S_LightError.uasset" 471
"../../../Engine/Content/EditorResources/SequenceRecorder/Countdown.uasset" 472
"../../../Engine/Content/EditorResources/SequenceRecorder/RecordingIndicator.uasset" 473
"../../../Engine/Content/EditorSounds/Notifications/CompileFailed.uasset" 474
"../../../Engine/Content/EditorSounds/Notifications/CompileFailed_Cue.uasset" 475
"../../../Engine/Content/EditorSounds/Notifications/CompileSuccess.uasset" 476
"../../../Engine/Content/EditorSounds/Notifications/CompileStart_Cue.uasset" 477
"../../../Engine/Content/EditorSounds/Notifications/CompileSuccess_Cue.uasset" 478
"../../../Engine/Content/EngineDamageTypes/DmgTypeBP_Environmental.uasset" 479
"../../../Engine/Content/EngineDebugMaterials/HeatmapGradient.uasset" 480
"../../../Engine/Content/EngineDebugMaterials/BoneWeightMaterial.uasset" 481
"../../../Engine/Content/EngineDebugMaterials/ClothMaterial.uasset" 482
"../../../Engine/Content/EngineDebugMaterials/DebugMeshMaterial.uasset" 483
"../../../Engine/Content/EngineDebugMaterials/GeomMaterial.uasset" 484
"../../../Engine/Content/EngineFonts/Faces/RobotoBold.uasset" 485
"../../../Engine/Content/EngineFonts/Faces/RobotoBoldItalic.uasset" 486
"../../../Engine/Content/EngineFonts/Faces/RobotoItalic.uasset" 487
"../../../Engine/Content/EngineFonts/Faces/RobotoLight.uasset" 488
"../../../Engine/Content/EngineFonts/Faces/RobotoRegular.uasset" 489
"../../../Engine/Content/EngineFonts/Roboto.uasset" 490
"../../../Engine/Content/EngineFonts/Faces/RobotoTiny.uasset" 491
"../../../Engine/Content/EngineFonts/RobotoTiny.uasset" 492
"../../../Engine/Content/EngineMaterials/DefaultBloomKernel.uasset" 493
"../../../Engine/Content/EngineMaterials/DefaultBokeh.uasset" 494
"../../../Engine/Content/EngineMaterials/DefaultDiffuse.uasset" 495
"../../../Engine/Content/EngineMaterials/DefaultDeferredDecalMaterial.uasset" 496
"../../../Engine/Content/EngineMaterials/DefaultLightFunctionMaterial.uasset" 497
"../../../Engine/Content/Functions/Engine_MaterialFunctions02/Utility/BreakOutFloat2Components.uasset" 498
"../../../Engine/Content/EngineMaterials/DefaultPostProcessMaterial.uasset" 499
"../../../Engine/Content/EngineFonts/RobotoDistanceField.uasset" 500
"../../../Engine/Content/EngineMaterials/DefaultTextMaterialOpaque.uasset" 501
"../../../Engine/Content/EngineMaterials/DefaultWhiteGrid.uasset" 502
"../../../Engine/Content/EngineMaterials/EditorBrushMaterial.uasset" 503
"../../../Engine/Content/EngineMaterials/Good64x64TilingNoiseHighFreq.uasset" 504
"../../../Engine/Content/EngineMaterials/MiniFont.uasset" 505
"../../../Engine/Content/EngineMaterials/InvalidLightmapSettings.uasset" 506
"../../../Engine/Content/EngineMaterials/M_InvalidLightmapSettings.uasset" 507
"../../../Engine/Content/EngineMaterials/PhAT_JointLimitMaterial.uasset" 508
"../../../Engine/Content/EngineMaterials/PreintegratedSkinBRDF.uasset" 509
"../../../Engine/Content/EngineMaterials/RemoveSurfaceMaterial.uasset" 510
"../../../Engine/Content/EngineMaterials/WeightMapPlaceholderTexture.uasset" 511
"../../../Engine/Content/EngineResources/WhiteSquareTexture.uasset" 512
"../../../Engine/Content/EngineMaterials/Widget3DPassThrough.uasset" 513
"../../../Engine/Content/EngineMaterials/Widget3DPassThrough_Masked.uasset" 514
"../../../Engine/Content/EngineMaterials/Widget3DPassThrough_Opaque.uasset" 515
"../../../Engine/Content/EngineMaterials/Widget3DPassThrough_Masked_OneSided.uasset" 516
"../../../Engine/Content/EngineMaterials/Widget3DPassThrough_Opaque_OneSided.uasset" 517
"../../../Engine/Content/EngineMaterials/Widget3DPassThrough_Translucent.uasset" 518
"../../../Engine/Content/EngineMaterials/Widget3DPassThrough_Translucent_OneSided.uasset" 519
"../../../Engine/Content/EngineMeshes/Cube.uasset" 520
"../../../Engine/Content/EngineMeshes/Cylinder.uasset" 521
"../../../Engine/Content/EngineMeshes/Sphere.uasset" 522
"../../../Engine/Content/EngineResources/Black.uasset" 523
"../../../Engine/Content/EngineResources/DefaultTexture.uasset" 524
"../../../Engine/Content/EngineResources/DefaultTextureCube.uasset" 525
"../../../Engine/Content/EngineResources/GradientTexture0.uasset" 526
"../../../Engine/Content/EngineSounds/Master.uasset" 527
"../../../Engine/Content/Functions/Engine_MaterialFunctions01/Shading/ConvertFromDiffSpec.uasset" 528
"../../../Engine/Content/Functions/Engine_MaterialFunctions01/Shading/PowerToRoughness.uasset" 529
"../../../Engine/Content/Maps/Templates/Thumbnails/Default.uasset" 530
"../../../Engine/Content/Maps/Templates/Thumbnails/VR-Basic.uasset" 531
"../../../Engine/Content/MobileResources/T_MobileControls_texture.uasset" 532
"../../../Engine/Content/MobileResources/T_MobileMenu2.uasset" 533
"../../../Engine/Content/MobileResources/HUD/AnalogHat.uasset" 534
"../../../Engine/Content/MobileResources/HUD/DefaultVirtualJoysticks.uasset" 535
"../../../Engine/Content/MobileResources/HUD/LeftVirtualJoystickOnly.uasset" 536
"../../../Engine/Content/MobileResources/HUD/MobileHUDButton1_off.uasset" 537
"../../../Engine/Content/MobileResources/HUD/MobileHUDButton1_on.uasset" 538
"../../../Engine/Content/MobileResources/HUD/MobileHUDButton2_off.uasset" 539
"../../../Engine/Content/MobileResources/HUD/MobileHUDButton2_on.uasset" 540
"../../../Engine/Content/MobileResources/HUD/MobileHUDButton3.uasset" 541
"../../../Engine/Content/MobileResources/HUD/MobileHUDButtonFire.uasset" 542
"../../../Engine/Content/MobileResources/HUD/MobileHUDDirectionPad.uasset" 543
"../../../Engine/Content/MobileResources/HUD/MobileHUDDirectionPad2.uasset" 544
"../../../Engine/Content/MobileResources/HUD/MobileHUDDirectionPad3.uasset" 545
"../../../Engine/Content/MobileResources/HUD/MobileHUDDirectionStick.uasset" 546
"../../../Engine/Content/MobileResources/HUD/T_Castle_ThumbstickInner.uasset" 547
"../../../Engine/Content/MobileResources/HUD/T_Castle_ThumbstickOutter.uasset" 548
"../../../Engine/Content/Tutorial/ContentIntroCurve.uasset" 549
"../../../Engine/Content/Tutorial/Basics/TutorialAssets/icon_tab_Levels_40x.uasset" 550
"../../../Engine/Content/Tutorial/BlueprintTutorials/TutorialAssets/BlueprintInterface_64x.uasset" 551
"../../../Engine/Content/Tutorial/BlueprintTutorials/TutorialAssets/BlueprintMacroLibrary_64x.uasset" 552
"../../../Engine/Content/Tutorial/BlueprintTutorials/TutorialAssets/Blueprint_64x.uasset" 553
"../../../Engine/Content/Tutorial/BlueprintTutorials/TutorialAssets/Tutorial_BP_Interface.uasset" 554
"../../../Engine/Content/Tutorial/Foliage/TutorialAssets/Foliage.uasset" 555
"../../../Engine/Content/Tutorial/Landscape/TutorialAssets/Landscape.uasset" 556
"../../../Engine/Content/Tutorial/Paper2D/TutorialAssets/Paper2DFlipbook_TutorialIcon.uasset" 557
"../../../Engine/Content/Tutorial/Paper2D/TutorialAssets/Paper2DSprite_TutorialIcon.uasset" 558
"../../../Engine/Content/Tutorial/SubEditors/TutorialAssets/icon_Editor_Preferences_General_40x.uasset" 559
"../../../Engine/Content/Tutorial/SubEditors/TutorialAssets/icon_ShowSkeletalMeshes_40x.uasset" 560
"../../../Engine/Content/Tutorial/SubEditors/TutorialAssets/TutorialMaterial.uasset" 561
"../../../Engine/Content/Tutorial/SubEditors/TutorialAssets/T_SmokeSubUV_8X8.uasset" 562
"../../../Engine/Content/Tutorial/SubEditors/TutorialAssets/T_soft_smoke.uasset" 563
"../../../Engine/Content/Tutorial/SubEditors/TutorialAssets/M_smoke_subUV_blackbody.uasset" 564
"../../../Engine/Content/Tutorial/SubEditors/TutorialAssets/TutorialParticleSystem.uasset" 565
"../../../Engine/Content/EditorMeshes/EditorCube.uasset" 566
"../../../Engine/Content/Tutorial/SubEditors/TutorialAssets/Tutorial_DM.uasset" 567
"../../../Engine/Content/VREditor/Devices/Generic/GenericHMDMaterial.uasset" 568
"../../../Engine/Content/VREditor/Devices/Generic/GenericHMD.uasset" 569
"../../../Engine/Content/VREditor/FloatingText/LineMaterial.uasset" 570
"../../../Engine/Content/VREditor/FloatingText/JointSphere.uasset" 571
"../../../Engine/Content/VREditor/FloatingText/LineSegmentCylinder.uasset" 572
"../../../Engine/Content/VREditor/Fonts/VRText_RobotoLarge.uasset" 573
"../../../Engine/Content/VREditor/Fonts/VRTextMaterial.uasset" 574
"../../../Engine/Content/VREditor/Fonts/TranslucentVRTextMaterial.uasset" 575
"../../../Engine/Content/VREditor/LaserPointer/VR_LaserPower_01.uasset" 576
"../../../Engine/Content/VREditor/TransformGizmo/TransformGizmoMaterial.uasset" 577
"../../../Engine/Content/VREditor/LaserPointer/HoverMaterial.uasset" 578
"../../../Engine/Content/VREditor/TransformGizmo/TranslucentTransformGizmoMaterial.uasset" 579
"../../../Engine/Content/VREditor/LaserPointer/TranslucentHoverMaterial.uasset" 580
"../../../Engine/Content/VREditor/LaserPointer/HoverMesh.uasset" 581
"../../../Engine/Content/VREditor/LaserPointer/LaserPointerMaterial.uasset" 582
"../../../Engine/Content/VREditor/LaserPointer/LaserPointerMaterialInst.uasset" 583
"../../../Engine/Content/VREditor/LaserPointer/TranslucentLaserPointerMaterialInst.uasset" 584
"../../../Engine/Content/VREditor/LaserPointer/LaserPointerMesh.uasset" 585
"../../../Engine/Content/VREditor/LaserPointer/LaserPointerMesh_End.uasset" 586
"../../../Engine/Content/VREditor/LaserPointer/LaserPointerMesh_Start.uasset" 587
"../../../Engine/Content/Functions/Engine_MaterialFunctions02/Utility/BreakOutFloat3Components.uasset" 588
"../../../Engine/Content/Functions/Engine_MaterialFunctions02/Math/Transform3x3Matrix.uasset" 589
"../../../Engine/Content/Functions/Engine_MaterialFunctions02/SplitComponents.uasset" 590
"../../../Engine/Content/Functions/Engine_MaterialFunctions02/Utility/MakeFloat3.uasset" 591
"../../../Engine/Content/VREditor/SnapGrid/SnapGridMaterial.uasset" 592
"../../../Engine/Content/VREditor/SnapGrid/SnapGridPlaneMesh.uasset" 593
"../../../Engine/Content/VREditor/Sounds/VR_teleport_Cue.uasset" 594
"../../../Engine/Content/VREditor/Sounds/UI/Click_on_Button_Cue.uasset" 595
"../../../Engine/Content/VREditor/Sounds/UI/Dockable_Window_Close.uasset" 596
"../../../Engine/Content/VREditor/Sounds/UI/Dockable_Window_Drop.uasset" 597
"../../../Engine/Content/VREditor/Sounds/UI/Dockable_Window_Open.uasset" 598
"../../../Engine/Content/VREditor/Sounds/UI/Dockable_Window_Pick_Up.uasset" 599
"../../../Engine/Content/VREditor/Sounds/UI/Drop_Item_From_ContentBrowser.uasset" 600
"../../../Engine/Content/VREditor/Sounds/UI/Floating_UI_Open-001.uasset" 601
"../../../Engine/Content/VREditor/Sounds/UI/Gizmo_Handle_Clicked.uasset" 602
"../../../Engine/Content/VREditor/Sounds/UI/Object_PickUp.uasset" 603
"../../../Engine/Content/VREditor/Sounds/UI/Object_Snaps_To_Another_Actor.uasset" 604
"../../../Engine/Content/VREditor/Sounds/UI/Object_Snaps_To_Grid.uasset" 605
"../../../Engine/Content/VREditor/Sounds/UI/Radial_Menu_FadeOut.uasset" 606
"../../../Engine/Content/VREditor/Sounds/UI/Scaling_Down.uasset" 607
"../../../Engine/Content/VREditor/Sounds/UI/Scaling_Up.uasset" 608
"../../../Engine/Content/VREditor/Sounds/UI/Selection_Changes.uasset" 609
"../../../Engine/Content/VREditor/Sounds/UI/Teleport_Mode_Entered.uasset" 610
"../../../Engine/Content/VREditor/Teleport/TeleportDirectionMaterial.uasset" 611
"../../../Engine/Content/VREditor/Teleport/TeleportDirectionMaterial_Inst.uasset" 612
"../../../Engine/Content/VREditor/Teleport/TeleportDirectionMesh.uasset" 613
"../../../Engine/Content/VREditor/TransformGizmo/BoundingBoxCorner.uasset" 614
"../../../Engine/Content/VREditor/TransformGizmo/BoundingBoxEdge.uasset" 615
"../../../Engine/Content/VREditor/TransformGizmo/PlaneTranslationHandle.uasset" 616
"../../../Engine/Content/VREditor/TransformGizmo/RotationHandle.uasset" 617
"../../../Engine/Content/VREditor/TransformGizmo/RotationHandleFull.uasset" 618
"../../../Engine/Content/VREditor/TransformGizmo/RotationHandleIndicator.uasset" 619
"../../../Engine/Content/VREditor/TransformGizmo/RotationHandleQuarter.uasset" 620
"../../../Engine/Content/VREditor/TransformGizmo/Main.uasset" 621
"../../../Engine/Content/VREditor/TransformGizmo/Xray.uasset" 622
"../../../Engine/Content/VREditor/TransformGizmo/SM_Dialog_Close.uasset" 623
"../../../Engine/Content/VREditor/TransformGizmo/SM_Dialog_Move.uasset" 624
"../../../Engine/Content/VREditor/TransformGizmo/SM_Sequencer_Key.uasset" 625
"../../../Engine/Content/VREditor/TransformGizmo/StartRotationHandleIndicator.uasset" 626
"../../../Engine/Content/VREditor/TransformGizmo/TransformGizmoMaterial_Inst.uasset" 627
"../../../Engine/Content/VREditor/TransformGizmo/TranslateArrowHandle.uasset" 628
"../../../Engine/Content/VREditor/TransformGizmo/TranslationHandle.uasset" 629
"../../../Engine/Content/VREditor/TransformGizmo/TranslucentTransformGizmoMaterial_Inst.uasset" 630
"../../../Engine/Content/VREditor/TransformGizmo/UniformScaleHandle.uasset" 631
"../../../Engine/Content/VREditor/UI/KeyDiskMaterial.uasset" 632
"../../../Engine/Content/VREditor/UI/DiscMaterial.uasset" 633
"../../../Engine/Content/VREditor/UI/SM_Radial_Disk.uasset" 634
"../../../Engine/Content/VREditor/WorldMovementGrid/SimpleGrid.uasset" 635
"../../../Engine/Content/VREditor/WorldMovementGrid/GridMaterial.uasset" 636
"../../../Engine/Content/Functions/Engine_MaterialFunctions01/Density/ExponentialDensity.uasset" 637
"../../../Engine/Content/VREditor/WorldMovementGrid/GridPostProcess.uasset" 638
"../../../Engine/Content/EditorLandscapeResources/FlattenHeightMat.uasset" 639
"../../../Engine/Content/VREditor/WorldMovementGrid/PlaneMesh.uasset" 640
"../../../Engine/Plugins/2D/Paper2D/Content/DummySprite.uasset" 641
"../../../Engine/Plugins/2D/Paper2D/Content/DefaultPaperTerrainMaterial.uasset" 642
"../../../Engine/Plugins/2D/Paper2D/Content/DefaultSpriteMaterial.uasset" 643
"../../../Engine/Plugins/2D/Paper2D/Content/MaskedUnlitSpriteMaterial.uasset" 644
"../../../Engine/Plugins/2D/Paper2D/Content/OpaqueUnlitSpriteMaterial.uasset" 645
"../../../Engine/Plugins/2D/Paper2D/Content/PlaceholderTextures/DummySpriteTexture.uasset" 646
"../../../Engine/Plugins/Runtime/GearVR/Content/Textures/GearVRController_AO.uasset" 647
"../../../Engine/Plugins/Runtime/GearVR/Content/Textures/GearVRController_Color.uasset" 648
"../../../Engine/Plugins/Runtime/GearVR/Content/Textures/GearVRController_Normal.uasset" 649
"../../../Engine/Plugins/Runtime/GearVR/Content/Materials/GearVRControllerMaterial.uasset" 650
"../../../Engine/Plugins/Runtime/GearVR/Content/Meshes/GearVrController.uasset" 651
"../../../Driving_New/Content/AnimStarterPack/Crouch_Idle_Rifle_Hip.uasset" 652
"../../../Driving_New/Content/AnimStarterPack/Crouch_Idle_Rifle_Ironsights.uasset" 653
"../../../Driving_New/Content/AnimStarterPack/Crouch_Walk_Fwd_Rifle_Ironsights.uasset" 654
"../../../Driving_New/Content/AnimStarterPack/Equip_Pistol_Standing.uasset" 655
"../../../Driving_New/Content/AnimStarterPack/Fire_Rifle_Ironsights.uasset" 656
"../../../Driving_New/Content/AnimStarterPack/Hit_React_1.uasset" 657
"../../../Driving_New/Content/AnimStarterPack/Hit_React_2.uasset" 658
"../../../Driving_New/Content/AnimStarterPack/Hit_React_3.uasset" 659
"../../../Driving_New/Content/AnimStarterPack/Idle_Rifle_Hip_Break1.uasset" 660
"../../../Driving_New/Content/AnimStarterPack/Idle_Rifle_Hip_Break2.uasset" 661
"../../../Driving_New/Content/AnimStarterPack/Reload_Rifle_Hip.uasset" 662
"../../../Driving_New/Content/AnimStarterPack/Walk_Fwd_Rifle_Ironsights.uasset" 663
"../../../Engine/Content/EditorBlueprintResources/StandardMacros.uasset" 664
"../../../Engine/Content/EngineSky/C_Sky_Cloud_Color.uasset" 665
"../../../Engine/Content/EngineSky/C_Sky_Horizon_Color.uasset" 666
"../../../Engine/Content/EngineSky/C_Sky_Zenith_Color.uasset" 667
"../../../Engine/Content/EngineSky/T_Sky_Blue.uasset" 668
"../../../Engine/Content/EngineSky/T_Sky_Clouds_M.uasset" 669
"../../../Engine/Content/EngineSky/T_Sky_Stars.uasset" 670
"../../../Engine/Content/EngineSky/M_Sky_Panning_Clouds2.uasset" 671
"../../../Engine/Content/EngineSky/SM_SkySphere.uasset" 672
"../../../Engine/Content/EngineSky/BP_Sky_Sphere.uasset" 673
"../../../Engine/Content/TemplateResources/M_Template_Master.uasset" 674
"../../../Engine/Content/TemplateResources/MI_Template_BaseGray_03_Metal.uasset" 675
"../../../Engine/Content/Functions/MaterialLayerFunctions/MatLayerBlend_AO.uasset" 676
"../../../Engine/Content/Functions/MaterialLayerFunctions/MatLayerBlend_NormalBlend.uasset" 677
"../../../Engine/Content/Functions/MaterialLayerFunctions/MatLayerBlend_Simple.uasset" 678
"../../../Driving_New/Content/AnimStarterPack/UE4_Mannequin/Materials/MaterialLayers/T_ML_Rubber_Blue_01_D.uasset" 679
"../../../Driving_New/Content/AnimStarterPack/UE4_Mannequin/Materials/MaterialLayers/T_ML_Rubber_Blue_01_N.uasset" 680
"../../../Driving_New/Content/AnimStarterPack/UE4_Mannequin/Materials/MaterialLayers/ML_GlossyBlack_Latex_UE4.uasset" 681
"../../../Driving_New/Content/AnimStarterPack/UE4_Mannequin/Materials/MaterialLayers/ML_Plastic_Shiny_Beige.uasset" 682
"../../../Driving_New/Content/AnimStarterPack/UE4_Mannequin/Textures/UE4_LOGO_CARD.uasset" 683
"../../../Driving_New/Content/AnimStarterPack/UE4_Mannequin/Materials/MaterialLayers/ML_Plastic_Shiny_Beige_LOGO.uasset" 684
"../../../Driving_New/Content/AnimStarterPack/UE4_Mannequin/Materials/MaterialLayers/T_ML_Aluminum01.uasset" 685
"../../../Driving_New/Content/AnimStarterPack/UE4_Mannequin/Materials/MaterialLayers/T_ML_Aluminum01_N.uasset" 686
"../../../Driving_New/Content/AnimStarterPack/UE4_Mannequin/Materials/MaterialLayers/ML_SoftMetal_UE4.uasset" 687
"../../../Driving_New/Content/AnimStarterPack/UE4_Mannequin/Textures/UE4_Mannequin__normals.uasset" 688
"../../../Driving_New/Content/AnimStarterPack/UE4_Mannequin/Textures/UE4_Mannequin_MAT_MASKA.uasset" 689
"../../../Driving_New/Content/AnimStarterPack/UE4_Mannequin/Textures/UE4_Mannequin_occlusion_Mobile.uasset" 690
"../../../Driving_New/Content/AnimStarterPack/UE4_Mannequin/Materials/M_UE4Man_Body.uasset" 691
"../../../Driving_New/Content/AnimStarterPack/UE4_Mannequin/Textures/UE4Man_Logo_N.uasset" 692
"../../../Driving_New/Content/AnimStarterPack/UE4_Mannequin/Materials/M_UE4Man_ChestLogo.uasset" 693
"../../../Driving_New/Content/AnimStarterPack/UE4_Mannequin/Mesh/SK_Mannequin_PhysicsAsset.uasset" 694
"../../../Driving_New/Content/AnimStarterPack/UE4_Mannequin/Mesh/SK_Mannequin.uasset" 695
"../../../Driving_New/Content/AnimStarterPack/Showcase.umap" 696
"../../../Driving_New/Content/Pedestrian_Walks_01/Animation/In_Place/Walk_01_Relaxed_Loop_IP.uasset" 697
"../../../Driving_New/Content/Pedestrian_Walks_01/Animation/In_Place/Walk_02_Cheerful_IP.uasset" 698
"../../../Driving_New/Content/Pedestrian_Walks_01/Animation/In_Place/Walk_03_Mad_Loop_IP.uasset" 699
"../../../Driving_New/Content/Pedestrian_Walks_01/Animation/In_Place/Walk_04_Texting_Loop_IP.uasset" 700
"../../../Driving_New/Content/Pedestrian_Walks_01/Animation/In_Place/Walk_05_Phone_Call_Loop_IP.uasset" 701
"../../../Driving_New/Content/Pedestrian_Walks_01/Animation/In_Place/Walk_06_Look_Around_Loop_IP.uasset" 702
"../../../Driving_New/Content/Pedestrian_Walks_01/Animation/In_Place/Walk_07_Stroll_Loop_IP.uasset" 703
"../../../Driving_New/Content/Pedestrian_Walks_01/Animation/In_Place/Walk_08_Listen_Music_Loop_IP.uasset" 704
"../../../Driving_New/Content/Pedestrian_Walks_01/Animation/In_Place/Walk_09_Happy_Dance_IP.uasset" 705
"../../../Driving_New/Content/Pedestrian_Walks_01/Animation/In_Place/Walk_10_Running_Late_Loop_IP.uasset" 706
"../../../Driving_New/Content/Pedestrian_Walks_01/Animation/In_Place/Walk_11_Cautious_Loop_IP.uasset" 707
"../../../Driving_New/Content/Pedestrian_Walks_01/Animation/In_Place/Walk_12_Creeping_Loop_IP.uasset" 708
"../../../Driving_New/Content/Pedestrian_Walks_01/Animation/In_Place/Walk_13_Power_Walk_Loop_IP.uasset" 709
"../../../Driving_New/Content/Pedestrian_Walks_01/Animation/In_Place/Walk_14_Strut_IP.uasset" 710
"../../../Driving_New/Content/Pedestrian_Walks_01/Animation/In_Place/Walk_15_Skip_Loop_IP.uasset" 711
"../../../Driving_New/Content/Pedestrian_Walks_01/Character/Materials/MaterialLayers/T_ML_Rubber_Blue_01_D.uasset" 712
"../../../Driving_New/Content/Pedestrian_Walks_01/Character/Materials/MaterialLayers/T_ML_Rubber_Blue_01_N.uasset" 713
"../../../Driving_New/Content/Pedestrian_Walks_01/Character/Materials/MaterialLayers/ML_GlossyBlack_Latex_UE4.uasset" 714
"../../../Driving_New/Content/Pedestrian_Walks_01/Character/Materials/MaterialLayers/ML_Plastic_Shiny_Beige.uasset" 715
"../../../Driving_New/Content/Pedestrian_Walks_01/Character/Textures/UE4_LOGO_CARD.uasset" 716
"../../../Driving_New/Content/Pedestrian_Walks_01/Character/Materials/MaterialLayers/ML_Plastic_Shiny_Beige_LOGO.uasset" 717
"../../../Driving_New/Content/Pedestrian_Walks_01/Character/Materials/MaterialLayers/T_ML_Aluminum01.uasset" 718
"../../../Driving_New/Content/Pedestrian_Walks_01/Character/Materials/MaterialLayers/T_ML_Aluminum01_N.uasset" 719
"../../../Driving_New/Content/Pedestrian_Walks_01/Character/Materials/MaterialLayers/ML_SoftMetal_UE4.uasset" 720
"../../../Driving_New/Content/Pedestrian_Walks_01/Character/Textures/UE4_Mannequin__normals.uasset" 721
"../../../Driving_New/Content/Pedestrian_Walks_01/Character/Textures/UE4_Mannequin_MAT_MASKA.uasset" 722
"../../../Driving_New/Content/Pedestrian_Walks_01/Character/Textures/UE4_Mannequin_occlusion.uasset" 723
"../../../Driving_New/Content/Pedestrian_Walks_01/Character/Materials/M_UE4Man_Body.uasset" 724
"../../../Driving_New/Content/Pedestrian_Walks_01/Character/Textures/UE4Man_Logo_N.uasset" 725
"../../../Driving_New/Content/Pedestrian_Walks_01/Character/Materials/M_UE4Man_ChestLogo.uasset" 726
"../../../Driving_New/Content/Pedestrian_Walks_01/Character/Mesh/SK_Mannequin_PhysicsAsset.uasset" 727
"../../../Driving_New/Content/Pedestrian_Walks_01/Character/Mesh/SK_Mannequin.uasset" 728
"../../../Driving_New/Content/Pedestrian_Walks_01/Overview.umap" 729
"../../../Driving_New/Content/StarterContent/Blueprints/Assets/FogBrightnessLUT.uasset" 730
"../../../Driving_New/Content/StarterContent/Blueprints/Assets/SunlightColorLUT.uasset" 731
"../../../Driving_New/Content/StarterContent/Blueprints/Assets/M_LightStage_Arrows.uasset" 732
"../../../Engine/Content/MapTemplates/Sky/DaylightAmbientCubemap.uasset" 733
"../../../Driving_New/Content/StarterContent/Blueprints/Assets/M_LightStage_Skybox_Master.uasset" 734
"../../../Driving_New/Content/StarterContent/Blueprints/Assets/M_LightStage_Skybox_Black.uasset" 735
"../../../Driving_New/Content/StarterContent/Blueprints/Assets/M_LightStage_Skybox_HDRI.uasset" 736
"../../../Engine/Content/EditorMaterials/Thumbnails/SkySphereMaterial.uasset" 737
"../../../Driving_New/Content/StarterContent/Blueprints/Assets/Skybox.uasset" 738
"../../../Driving_New/Content/StarterContent/Blueprints/Assets/SM_Arrows.uasset" 739
"../../../Driving_New/Content/StarterContent/HDRI/HDRI_Epic_Courtyard_Daylight.uasset" 740
"../../../Driving_New/Content/StarterContent/Blueprints/BP_LightStudio.uasset" 741
"../../../Driving_New/Content/StarterContent/Maps/Advanced_Lighting_BuiltData.uasset" 742
"../../../Driving_New/Content/StarterContent/Materials/M_AssetPlatform.uasset" 743
"../../../Engine/Content/EditorMeshes/ColorCalibrator/M_ChromeBall.uasset" 744
"../../../Engine/Content/EditorMeshes/ColorCalibrator/M_ClearCoat.uasset" 745
"../../../Engine/Content/EditorMeshes/ColorCalibrator/M_ClearCoatBlack.uasset" 746
"../../../Engine/Content/EditorMeshes/ColorCalibrator/M_ColorGrid.uasset" 747
"../../../Engine/Content/EditorMeshes/ColorCalibrator/M_GreyBall.uasset" 748
"../../../Engine/Content/EditorMeshes/ColorCalibrator/SM_ColorCalibrator.uasset" 749
"../../../Driving_New/Content/StarterContent/Architecture/SM_AssetPlatform.uasset" 750
"../../../Driving_New/Content/StarterContent/Maps/Advanced_Lighting.umap" 751
"../../../Driving_New/Content/StarterContent/Maps/Minimal_Default_BuiltData.uasset" 752
"../../../Driving_New/Content/StarterContent/Materials/M_Metal_Brushed_Nickel.uasset" 753
"../../../Driving_New/Content/StarterContent/Textures/T_Metal_Aluminum_D.uasset" 754
"../../../Driving_New/Content/StarterContent/Textures/T_Metal_Gold_N.uasset" 755
"../../../Driving_New/Content/StarterContent/Materials/M_Metal_Burnished_Steel.uasset" 756
"../../../Driving_New/Content/StarterContent/Textures/T_Metal_Copper_D.uasset" 757
"../../../Driving_New/Content/StarterContent/Materials/M_Metal_Copper.uasset" 758
"../../../Driving_New/Content/StarterContent/Textures/T_Statue_M.uasset" 759
"../../../Driving_New/Content/StarterContent/Textures/T_Statue_N.uasset" 760
"../../../Driving_New/Content/StarterContent/Props/Materials/M_StatueGlass.uasset" 761
"../../../Driving_New/Content/StarterContent/Architecture/Floor_400x400.uasset" 762
"../../../Driving_New/Content/StarterContent/Audio/Starter_Background_Cue.uasset" 763
"../../../Driving_New/Content/StarterContent/Props/SM_Chair.uasset" 764
"../../../Driving_New/Content/StarterContent/Props/Materials/M_Statue.uasset" 765
"../../../Driving_New/Content/StarterContent/Props/SM_Statue.uasset" 766
"../../../Driving_New/Content/StarterContent/Textures/T_TableRound_M.uasset" 767
"../../../Driving_New/Content/StarterContent/Textures/T_TableRound_N.uasset" 768
"../../../Driving_New/Content/StarterContent/Props/Materials/M_TableRound.uasset" 769
"../../../Driving_New/Content/StarterContent/Props/SM_TableRound.uasset" 770
"../../../Driving_New/Content/StarterContent/Maps/Minimal_Default.umap" 771
"../../../Driving_New/Content/StarterContent/Audio/Fire01_Cue.uasset" 772
"../../../Driving_New/Content/StarterContent/Textures/T_Fire_SubUV.uasset" 773
"../../../Driving_New/Content/StarterContent/Textures/T_Fire_Tiled_D.uasset" 774
"../../../Driving_New/Content/StarterContent/Particles/Materials/M_Fire_SubUV.uasset" 775
"../../../Driving_New/Content/StarterContent/Textures/T_Water_N.uasset" 776
"../../../Driving_New/Content/StarterContent/Particles/Materials/M_Heat_Distortion.uasset" 777
"../../../Driving_New/Content/StarterContent/Particles/Materials/M_Radial_Gradient.uasset" 778
"../../../Driving_New/Content/StarterContent/Particles/P_Fire.uasset" 779
"../../../Driving_New/Content/StarterContent/Blueprints/Blueprint_Effect_Fire.uasset" 780
"../../../Driving_New/Content/StarterContent/Audio/Smoke01_Cue.uasset" 781
"../../../Driving_New/Content/StarterContent/Particles/P_Smoke.uasset" 782
"../../../Driving_New/Content/StarterContent/Blueprints/Blueprint_Effect_Smoke.uasset" 783
"../../../Driving_New/Content/StarterContent/Audio/Fire_Sparks01_Cue.uasset" 784
"../../../Driving_New/Content/StarterContent/Textures/T_Spark_Core.uasset" 785
"../../../Driving_New/Content/StarterContent/Particles/Materials/M_Spark.uasset" 786
"../../../Driving_New/Content/StarterContent/Particles/P_Sparks.uasset" 787
"../../../Driving_New/Content/StarterContent/Blueprints/Blueprint_Effect_Sparks.uasset" 788
"../../../Driving_New/Content/StarterContent/Audio/Steam01_Cue.uasset" 789
"../../../Driving_New/Content/StarterContent/Particles/P_Steam_Lit.uasset" 790
"../../../Driving_New/Content/StarterContent/Blueprints/Blueprint_Effect_Steam.uasset" 791
"../../../Driving_New/Content/StarterContent/Textures/T_Lamp_M.uasset" 792
"../../../Driving_New/Content/StarterContent/Textures/T_Lamp_N.uasset" 793
"../../../Driving_New/Content/StarterContent/Props/Materials/M_Lamp.uasset" 794
"../../../Driving_New/Content/StarterContent/Props/SM_Lamp_Ceiling.uasset" 795
"../../../Driving_New/Content/StarterContent/Blueprints/Blueprint_CeilingLight.uasset" 796
"../../../Driving_New/Content/StarterContent/Props/SM_Lamp_Wall.uasset" 797
"../../../Driving_New/Content/StarterContent/Blueprints/Blueprint_WallSconce.uasset" 798
"../../../Driving_New/Content/StarterContent/Maps/StarterMap_BuiltData.uasset" 799
"../../../Engine/Content/Functions/Engine_MaterialFunctions03/Procedurals/ComputeFilterWidth.uasset" 800
"../../../Engine/Content/EngineMaterials/AntiAliasedTextMaterialTranslucent.uasset" 801
"../../../Driving_New/Content/StarterContent/Textures/T_Brick_Clay_Beveled_D.uasset" 802
"../../../Driving_New/Content/StarterContent/Textures/T_Brick_Clay_Beveled_M.uasset" 803
"../../../Driving_New/Content/StarterContent/Textures/T_Brick_Clay_Beveled_N.uasset" 804
"../../../Driving_New/Content/StarterContent/Materials/M_Brick_Clay_Beveled.uasset" 805
"../../../Driving_New/Content/StarterContent/Textures/T_Brick_Clay_New_D.uasset" 806
"../../../Driving_New/Content/StarterContent/Textures/T_Brick_Clay_New_M.uasset" 807
"../../../Driving_New/Content/StarterContent/Textures/T_Brick_Clay_New_N.uasset" 808
"../../../Driving_New/Content/StarterContent/Materials/M_Brick_Clay_New.uasset" 809
"../../../Driving_New/Content/StarterContent/Textures/T_Brick_Clay_Old_D.uasset" 810
"../../../Driving_New/Content/StarterContent/Textures/T_Brick_Clay_Old_N.uasset" 811
"../../../Driving_New/Content/StarterContent/Textures/T_Perlin_Noise_M.uasset" 812
"../../../Driving_New/Content/StarterContent/Materials/M_Brick_Clay_Old.uasset" 813
"../../../Driving_New/Content/StarterContent/Textures/T_Brick_Cut_Stone_D.uasset" 814
"../../../Driving_New/Content/StarterContent/Textures/T_Brick_Cut_Stone_N.uasset" 815
"../../../Driving_New/Content/StarterContent/Materials/M_Brick_Cut_Stone.uasset" 816
"../../../Driving_New/Content/StarterContent/Textures/T_Brick_Hewn_Stone_D.uasset" 817
"../../../Driving_New/Content/StarterContent/Textures/T_Brick_Hewn_Stone_M.uasset" 818
"../../../Driving_New/Content/StarterContent/Textures/T_Brick_Hewn_Stone_N.uasset" 819
"../../../Driving_New/Content/StarterContent/Materials/M_Brick_Hewn_Stone.uasset" 820
"../../../Driving_New/Content/StarterContent/Textures/T_Ceramic_Tile_M.uasset" 821
"../../../Driving_New/Content/StarterContent/Textures/T_Ceramic_Tile_N.uasset" 822
"../../../Driving_New/Content/StarterContent/Textures/T_Rock_Marble_Polished_D.uasset" 823
"../../../Driving_New/Content/StarterContent/Materials/M_Ceramic_Tile_Checker.uasset" 824
"../../../Driving_New/Content/StarterContent/Textures/T_CobbleStone_Pebble_D.uasset" 825
"../../../Driving_New/Content/StarterContent/Textures/T_CobbleStone_Pebble_M.uasset" 826
"../../../Driving_New/Content/StarterContent/Textures/T_CobbleStone_Pebble_N.uasset" 827
"../../../Driving_New/Content/StarterContent/Materials/M_CobbleStone_Pebble.uasset" 828
"../../../Driving_New/Content/StarterContent/Textures/T_CobbleStone_Rough_D.uasset" 829
"../../../Driving_New/Content/StarterContent/Textures/T_CobbleStone_Rough_N.uasset" 830
"../../../Driving_New/Content/StarterContent/Textures/T_Gradinet_01.uasset" 831
"../../../Driving_New/Content/StarterContent/Textures/T_Rock_Smooth_Granite_D.uasset" 832
"../../../Driving_New/Content/StarterContent/Materials/M_CobbleStone_Rough.uasset" 833
"../../../Driving_New/Content/StarterContent/Textures/T_CobbleStone_Smooth_D.uasset" 834
"../../../Driving_New/Content/StarterContent/Textures/T_CobbleStone_Smooth_M.uasset" 835
"../../../Driving_New/Content/StarterContent/Textures/T_CobbleStone_Smooth_N.uasset" 836
"../../../Driving_New/Content/StarterContent/Materials/M_CobbleStone_Smooth.uasset" 837
"../../../Driving_New/Content/StarterContent/Textures/T_Concrete_Grime_D.uasset" 838
"../../../Driving_New/Content/StarterContent/Textures/T_Metal_Rust_N.uasset" 839
"../../../Driving_New/Content/StarterContent/Materials/M_Concrete_Grime.uasset" 840
"../../../Driving_New/Content/StarterContent/Textures/T_Concrete_Panels_D.uasset" 841
"../../../Driving_New/Content/StarterContent/Textures/T_Concrete_Panels_N.uasset" 842
"../../../Driving_New/Content/StarterContent/Materials/M_Concrete_Panels.uasset" 843
"../../../Driving_New/Content/StarterContent/Textures/T_Concrete_Poured_D.uasset" 844
"../../../Driving_New/Content/StarterContent/Textures/T_Concrete_Poured_N.uasset" 845
"../../../Driving_New/Content/StarterContent/Materials/M_Concrete_Poured.uasset" 846
"../../../Driving_New/Content/StarterContent/Textures/T_Concrete_Tiles_D.uasset" 847
"../../../Driving_New/Content/StarterContent/Textures/T_Concrete_Tiles_M.uasset" 848
"../../../Driving_New/Content/StarterContent/Textures/T_Concrete_Tiles_N.uasset" 849
"../../../Driving_New/Content/StarterContent/Textures/T_Concrete_Tiles_Variation_M.uasset" 850
"../../../Driving_New/Content/StarterContent/Materials/M_Concrete_Tiles.uasset" 851
"../../../Driving_New/Content/StarterContent/Textures/T_Ground_Grass_D.uasset" 852
"../../../Driving_New/Content/StarterContent/Textures/T_Ground_Grass_N.uasset" 853
"../../../Driving_New/Content/StarterContent/Materials/M_Ground_Grass.uasset" 854
"../../../Driving_New/Content/StarterContent/Textures/T_Ground_Gravel_D.uasset" 855
"../../../Driving_New/Content/StarterContent/Textures/T_Ground_Gravel_N.uasset" 856
"../../../Driving_New/Content/StarterContent/Materials/M_Ground_Gravel.uasset" 857
"../../../Driving_New/Content/StarterContent/Textures/T_ground_Moss_D.uasset" 858
"../../../Driving_New/Content/StarterContent/Textures/T_Ground_Moss_N.uasset" 859
"../../../Driving_New/Content/StarterContent/Materials/M_Ground_Moss.uasset" 860
"../../../Driving_New/Content/StarterContent/Textures/T_Metal_Gold_D.uasset" 861
"../../../Driving_New/Content/StarterContent/Materials/M_Metal_Gold.uasset" 862
"../../../Driving_New/Content/StarterContent/Textures/T_Metal_Rust_D.uasset" 863
"../../../Driving_New/Content/StarterContent/Materials/M_Metal_Rust.uasset" 864
"../../../Driving_New/Content/StarterContent/Textures/T_Metal_Steel_D.uasset" 865
"../../../Driving_New/Content/StarterContent/Textures/T_Metal_Steel_N.uasset" 866
"../../../Driving_New/Content/StarterContent/Materials/M_Metal_Steel.uasset" 867
"../../../Driving_New/Content/StarterContent/Textures/T_Rock_Basalt_N.uasset" 868
"../../../Driving_New/Content/StarterContent/Materials/M_Rock_Basalt.uasset" 869
"../../../Driving_New/Content/StarterContent/Materials/M_Rock_Marble_Polished.uasset" 870
"../../../Driving_New/Content/StarterContent/Textures/T_Rock_Sandstone_D.uasset" 871
"../../../Driving_New/Content/StarterContent/Textures/T_Rock_Sandstone_N.uasset" 872
"../../../Driving_New/Content/StarterContent/Materials/M_Rock_Sandstone.uasset" 873
"../../../Driving_New/Content/StarterContent/Textures/T_Rock_Slate_D.uasset" 874
"../../../Driving_New/Content/StarterContent/Textures/T_Rock_Slate_N.uasset" 875
"../../../Driving_New/Content/StarterContent/Materials/M_Rock_Slate.uasset" 876
"../../../Driving_New/Content/StarterContent/Textures/T_Checker_Noise_M.uasset" 877
"../../../Driving_New/Content/StarterContent/Textures/T_Single_Tile_N.uasset" 878
"../../../Driving_New/Content/StarterContent/Textures/T_Tech_Dot_M.uasset" 879
"../../../Driving_New/Content/StarterContent/Textures/T_Tech_Dot_N.uasset" 880
"../../../Driving_New/Content/StarterContent/Materials/M_Tech_Checker_Dot.uasset" 881
"../../../Driving_New/Content/StarterContent/Materials/M_Tech_Hex_Tile.uasset" 882
"../../../Driving_New/Content/StarterContent/Textures/T_Tech_Panel_M.uasset" 883
"../../../Driving_New/Content/StarterContent/Textures/T_Tech_Panel_N.uasset" 884
"../../../Driving_New/Content/StarterContent/Materials/M_Tech_Panel.uasset" 885
"../../../Driving_New/Content/StarterContent/Materials/M_Water_Lake.uasset" 886
"../../../Driving_New/Content/StarterContent/Textures/T_Water_M.uasset" 887
"../../../Driving_New/Content/StarterContent/Materials/M_Water_Ocean.uasset" 888
"../../../Driving_New/Content/StarterContent/Textures/T_Wood_Floor_Walnut_D.uasset" 889
"../../../Driving_New/Content/StarterContent/Textures/T_Wood_Floor_Walnut_M.uasset" 890
"../../../Driving_New/Content/StarterContent/Textures/T_Wood_Floor_Walnut_N.uasset" 891
"../../../Driving_New/Content/StarterContent/Materials/M_Wood_Floor_Walnut_Polished.uasset" 892
"../../../Engine/Content/Functions/Engine_MaterialFunctions01/Opacity/AlphaOffset.uasset" 893
"../../../Driving_New/Content/StarterContent/Materials/M_Wood_Floor_Walnut_Worn.uasset" 894
"../../../Driving_New/Content/StarterContent/Textures/T_Wood_Oak_D.uasset" 895
"../../../Driving_New/Content/StarterContent/Textures/T_Wood_Oak_N.uasset" 896
"../../../Driving_New/Content/StarterContent/Materials/M_Wood_Oak.uasset" 897
"../../../Driving_New/Content/StarterContent/Textures/T_Wood_Pine_D.uasset" 898
"../../../Driving_New/Content/StarterContent/Textures/T_Wood_Pine_N.uasset" 899
"../../../Driving_New/Content/StarterContent/Materials/M_Wood_Pine.uasset" 900
"../../../Driving_New/Content/StarterContent/Textures/T_Wood_Walnut_D.uasset" 901
"../../../Driving_New/Content/StarterContent/Textures/T_Wood_Walnut_N.uasset" 902
"../../../Driving_New/Content/StarterContent/Materials/M_Wood_Walnut.uasset" 903
"../../../Driving_New/Content/StarterContent/Architecture/Wall_400x200.uasset" 904
"../../../Driving_New/Content/StarterContent/Architecture/Wall_Door_400x300.uasset" 905
"../../../Driving_New/Content/StarterContent/Architecture/Wall_Window_400x300.uasset" 906
"../../../Driving_New/Content/StarterContent/Audio/Collapse_Cue.uasset" 907
"../../../Driving_New/Content/StarterContent/Audio/Starter_Music_Cue.uasset" 908
"../../../Driving_New/Content/StarterContent/Textures/T_Dust_Particle_D.uasset" 909
"../../../Driving_New/Content/StarterContent/Particles/Materials/M_Dust_Particle.uasset" 910
"../../../Driving_New/Content/StarterContent/Particles/P_Ambient_Dust.uasset" 911
"../../../Driving_New/Content/StarterContent/Props/MaterialSphere.uasset" 912
"../../../Driving_New/Content/StarterContent/Textures/T_Frame_M.uasset" 913
"../../../Driving_New/Content/StarterContent/Textures/T_Frame_N.uasset" 914
"../../../Driving_New/Content/StarterContent/Props/Materials/M_Frame.uasset" 915
"../../../Driving_New/Content/StarterContent/Props/SM_CornerFrame.uasset" 916
"../../../Driving_New/Content/StarterContent/Props/SM_DoorFrame.uasset" 917
"../../../Driving_New/Content/StarterContent/Props/SM_GlassWindow.uasset" 918
"../../../Driving_New/Content/StarterContent/Props/SM_PillarFrame.uasset" 919
"../../../Driving_New/Content/StarterContent/Props/SM_PillarFrame300.uasset" 920
"../../../Driving_New/Content/StarterContent/Props/SM_WindowFrame.uasset" 921
"../../../Driving_New/Content/StarterContent/Shapes/Shape_Cube.uasset" 922
"../../../Driving_New/Content/StarterContent/Shapes/Shape_QuadPyramid.uasset" 923
"../../../Driving_New/Content/StarterContent/Shapes/Shape_Sphere.uasset" 924
"../../../Driving_New/Content/StarterContent/Maps/StarterMap.umap" 925
"../../../Driving_New/Content/Walk_01_Relaxed_IP.uasset" 926
"../../../Driving_New/Content/Blueprints/Waypoints.uasset" 927
"../../../Driving_New/Content/Blueprints/Pedestrian.uasset" 928
"../../../Driving_New/Content/Blueprints/Spline.uasset" 929
"../../../Driving_New/Content/Props/TaxiCar/TaxiCar01.uasset" 930
"../../../Driving_New/Content/Props/TaxiCar/Material.uasset" 931
"../../../Driving_New/Content/Props/TaxiCar/MaterialWheel.uasset" 932
"../../../Driving_New/Content/Props/TaxiCar/Tobi_TaxiCar.uasset" 933
"../../../Driving_New/Content/Props/TobisCar/TobiCar_gray.uasset" 934
"../../../Driving_New/Content/Props/TobisCar/Material_Car_gray.uasset" 935
"../../../Driving_New/Content/Props/TobisCar/TobisCar_gray.uasset" 936
"../../../Driving_New/Content/Props/TobisCar/Material_Car_green.uasset" 937
"../../../Driving_New/Content/Props/TobisCar/TobisCar_green.uasset" 938
"../../../Driving_New/Content/Props/TobisCar/TobiCar_red.uasset" 939
"../../../Driving_New/Content/Props/TobisCar/Material_Car_red.uasset" 940
"../../../Driving_New/Content/Props/TobisCar/TobisCar_red.uasset" 941
"../../../Driving_New/Content/Blueprints/CarCharacter.uasset" 942
"../../../Driving_New/Content/Data/RoadData.uasset" 943
"../../../Driving_New/Content/Textures/T_Concrete_Panels_D.uasset" 944
"../../../Driving_New/Content/Textures/T_Concrete_Panels_N.uasset" 945
"../../../Driving_New/Content/Textures/T_MacroVariation.uasset" 946
"../../../Driving_New/Content/Textures/T_Perlin_Noise_M.uasset" 947
"../../../Driving_New/Content/Materials/M_Concrete_Panels.uasset" 948
"../../../Driving_New/Content/Textures/T_Metal_Aluminum_D.uasset" 949
"../../../Driving_New/Content/Textures/T_Metal_Gold_N.uasset" 950
"../../../Driving_New/Content/Materials/M_Metal_Burnished_Steel.uasset" 951
"../../../Driving_New/Content/Props/L_GuardRail.uasset" 952
"../../../Driving_New/Content/Props/R_GuardRail.uasset" 953
"../../../Driving_New/Content/Textures/RoadTexture.uasset" 954
"../../../Driving_New/Content/Textures/RoadTexture_alpha.uasset" 955
"../../../Driving_New/Content/Materials/Road.uasset" 956
"../../../Driving_New/Content/VehicleAdv/PhysicsMaterials/NonSlippery.uasset" 957
"../../../Driving_New/Content/Materials/Road_Inst.uasset" 958
"../../../Driving_New/Content/Props/RoadMesh.uasset" 959
"../../../Driving_New/Content/Blueprints/TrackGenerator.uasset" 960
"../../../Driving_New/Content/Props/bmw/bmw_Skeleton.uasset" 961
"../../../Driving_New/Content/Props/bmw/NewAnimBlueprint.uasset" 962
"../../../Driving_New/Content/VehicleAdv/Vehicle/WheelData/Vehicle_BackTireConfig.uasset" 963
"../../../Driving_New/Content/Props/bmw/BackWheel.uasset" 964
"../../../Driving_New/Content/VehicleAdv/Vehicle/WheelData/Vehicle_FrontTireConfig.uasset" 965
"../../../Driving_New/Content/Props/bmw/FrontWheel.uasset" 966
"../../../Driving_New/Content/Props/bmw/body.uasset" 967
"../../../Driving_New/Content/Props/bmw/dno.uasset" 968
"../../../Driving_New/Content/Props/bmw/glass.uasset" 969
"../../../Driving_New/Content/Props/bmw/lights.uasset" 970
"../../../Driving_New/Content/Props/bmw/salon.uasset" 971
"../../../Driving_New/Content/Props/bmw/wheel.uasset" 972
"../../../Driving_New/Content/Props/bmw/bmw_PhysicsAsset.uasset" 973
"../../../Driving_New/Content/Props/bmw/bmw.uasset" 974
"../../../Driving_New/Content/Props/bmw/Car.uasset" 975
"../../../Driving_New/Content/VehicleAdvCPP/Maps/VehicleAdvExampleMap_BuiltData.uasset" 976
"../../../Driving_New/Content/Blueprints/GUI.uasset" 977
"../../../Engine/Content/EngineMaterials/DefaultPhysicalMaterial.uasset" 978
"../../../Driving_New/Content/Props/274_050.uasset" 979
"../../../Driving_New/Content/Props/Material_001.uasset" 980
"../../../Driving_New/Content/Props/274_050_uv.uasset" 981
"../../../Driving_New/Content/Props/274_070.uasset" 982
"../../../Driving_New/Content/Props/Material_003.uasset" 983
"../../../Driving_New/Content/Props/274_070_uv.uasset" 984
"../../../Driving_New/Content/Props/MaterialAutobahnWegweiser.uasset" 985
"../../../Driving_New/Content/Props/autobahn_wegweister.uasset" 986
"../../../Driving_New/Content/Props/MaterialAutobahnWegweiserSchild.uasset" 987
"../../../Driving_New/Content/Props/blender_autobahnwegweiser.uasset" 988
"../../../Driving_New/Content/Props/House/plaster_white.uasset" 989
"../../../Driving_New/Content/Props/House/house_10_balcony.uasset" 990
"../../../Driving_New/Content/Props/House/metal_grey.uasset" 991
"../../../Driving_New/Content/Props/House/window_glass.uasset" 992
"../../../Driving_New/Content/Props/House/house_10_barrels_001.uasset" 993
"../../../Driving_New/Content/Props/House/house_10_ceiling.uasset" 994
"../../../Driving_New/Content/Props/House/house_10_ceiling_001.uasset" 995
"../../../Driving_New/Content/Props/House/house_10_ceiling_002.uasset" 996
"../../../Driving_New/Content/Props/House/house_10_ceiling_003.uasset" 997
"../../../Driving_New/Content/Props/House/house_10_ceiling_004.uasset" 998
"../../../Driving_New/Content/Props/House/house_10_ceiling_005.uasset" 999
"../../../Driving_New/Content/Props/House/house_10_ceiling_006.uasset" 1000
"../../../Driving_New/Content/Props/House/house_10_ceiling_007.uasset" 1001
"../../../Driving_New/Content/Props/House/house_10_ceiling_008.uasset" 1002
"../../../Driving_New/Content/Props/House/house_10_ceiling_009.uasset" 1003
"../../../Driving_New/Content/Props/House/house_10_ceiling_010.uasset" 1004
"../../../Driving_New/Content/Props/House/house_10_ceiling_011.uasset" 1005
"../../../Driving_New/Content/Props/House/house_10_ceiling_012.uasset" 1006
"../../../Driving_New/Content/Props/House/house_10_ceiling_013.uasset" 1007
"../../../Driving_New/Content/Props/House/house_10_ceiling_014.uasset" 1008
"../../../Driving_New/Content/Props/House/house_10_ceiling_015.uasset" 1009
"../../../Driving_New/Content/Props/House/house_10_ceiling_016.uasset" 1010
"../../../Driving_New/Content/Props/House/foundation_grey_brick.uasset" 1011
"../../../Driving_New/Content/Props/House/metal_blue.uasset" 1012
"../../../Driving_New/Content/Props/House/house_10_chimney_002.uasset" 1013
"../../../Driving_New/Content/Props/House/house_10_cover_roof_001.uasset" 1014
"../../../Driving_New/Content/Props/House/house_10_cover_sides_001.uasset" 1015
"../../../Driving_New/Content/Props/House/wood_brown.uasset" 1016
"../../../Driving_New/Content/Props/House/house_10_door_frame.uasset" 1017
"../../../Driving_New/Content/Props/House/house_10_door_frame_001.uasset" 1018
"../../../Driving_New/Content/Props/House/house_10_door_frame_002.uasset" 1019
"../../../Driving_New/Content/Props/House/house_10_door_frame_003.uasset" 1020
"../../../Driving_New/Content/Props/House/house_10_door_frame_004.uasset" 1021
"../../../Driving_New/Content/Props/House/house_10_door_frame_005.uasset" 1022
"../../../Driving_New/Content/Props/House/house_10_door_frame_006.uasset" 1023
"../../../Driving_New/Content/Props/House/house_10_door_frame_007.uasset" 1024
"../../../Driving_New/Content/Props/House/house_10_door_frame_008.uasset" 1025
"../../../Driving_New/Content/Props/House/house_10_door_frame_009.uasset" 1026
"../../../Driving_New/Content/Props/House/house_10_door_frame_010.uasset" 1027
"../../../Driving_New/Content/Props/House/house_10_door_frame_011.uasset" 1028
"../../../Driving_New/Content/Props/House/house_10_door_frame_012.uasset" 1029
"../../../Driving_New/Content/Props/House/house_10_door_frame_013.uasset" 1030
"../../../Driving_New/Content/Props/House/house_10_door_garage.uasset" 1031
"../../../Driving_New/Content/Props/House/glass_door.uasset" 1032
"../../../Driving_New/Content/Props/House/house_10_door_wing.uasset" 1033
"../../../Driving_New/Content/Props/House/house_10_door_wing_001.uasset" 1034
"../../../Driving_New/Content/Props/House/house_10_door_wing_002.uasset" 1035
"../../../Driving_New/Content/Props/House/house_10_door_wing_003.uasset" 1036
"../../../Driving_New/Content/Props/House/house_10_door_wing_004.uasset" 1037
"../../../Driving_New/Content/Props/House/house_10_door_wing_005.uasset" 1038
"../../../Driving_New/Content/Props/House/house_10_door_wing_006.uasset" 1039
"../../../Driving_New/Content/Props/House/house_10_door_wing_007.uasset" 1040
"../../../Driving_New/Content/Props/House/house_10_door_wing_008.uasset" 1041
"../../../Driving_New/Content/Props/House/house_10_door_wing_009.uasset" 1042
"../../../Driving_New/Content/Props/House/house_10_door_wing_010.uasset" 1043
"../../../Driving_New/Content/Props/House/house_10_door_wing_011.uasset" 1044
"../../../Driving_New/Content/Props/House/house_10_door_wing_012.uasset" 1045
"../../../Driving_New/Content/Props/House/window_glass_old.uasset" 1046
"../../../Driving_New/Content/Props/House/house_10_door_wing_013.uasset" 1047
"../../../Driving_New/Content/Props/House/wood_balls_brown.uasset" 1048
"../../../Driving_New/Content/Props/House/house_10_floor.uasset" 1049
"../../../Driving_New/Content/Props/House/plate_grey.uasset" 1050
"../../../Driving_New/Content/Props/House/house_10_floor_003.uasset" 1051
"../../../Driving_New/Content/Props/House/house_10_floor_004.uasset" 1052
"../../../Driving_New/Content/Props/House/house_10_floor_005.uasset" 1053
"../../../Driving_New/Content/Props/House/house_10_floor_006.uasset" 1054
"../../../Driving_New/Content/Props/House/house_10_floor_007.uasset" 1055
"../../../Driving_New/Content/Props/House/house_10_floor_008.uasset" 1056
"../../../Driving_New/Content/Props/House/house_10_floor_009.uasset" 1057
"../../../Driving_New/Content/Props/House/house_10_floor_010.uasset" 1058
"../../../Driving_New/Content/Props/House/house_10_floor_011.uasset" 1059
"../../../Driving_New/Content/Props/House/house_10_floor_012.uasset" 1060
"../../../Driving_New/Content/Props/House/house_10_floor_013.uasset" 1061
"../../../Driving_New/Content/Props/House/house_10_floor_014.uasset" 1062
"../../../Driving_New/Content/Props/House/house_10_floor_015.uasset" 1063
"../../../Driving_New/Content/Props/House/house_10_floor_016.uasset" 1064
"../../../Driving_New/Content/Props/House/house_10_floor_017.uasset" 1065
"../../../Driving_New/Content/Props/House/house_10_floor_018.uasset" 1066
"../../../Driving_New/Content/Props/House/curb.uasset" 1067
"../../../Driving_New/Content/Props/House/ground.uasset" 1068
"../../../Driving_New/Content/Props/House/house_10_flower_pot.uasset" 1069
"../../../Driving_New/Content/Props/House/brick_hexagonal.uasset" 1070
"../../../Driving_New/Content/Props/House/house_10_ground_around_house.uasset" 1071
"../../../Driving_New/Content/Props/House/house_10_gutter_001.uasset" 1072
"../../../Driving_New/Content/Props/House/roof_01.uasset" 1073
"../../../Driving_New/Content/Props/House/house_10_roof.uasset" 1074
"../../../Driving_New/Content/Props/House/house_10_roof_001.uasset" 1075
"../../../Driving_New/Content/Props/House/house_10_stairs_000.uasset" 1076
"../../../Driving_New/Content/Props/House/house_10_stairs_002.uasset" 1077
"../../../Driving_New/Content/Props/House/house_10_terrace.uasset" 1078
"../../../Driving_New/Content/Props/House/house_10_wall_exterior.uasset" 1079
"../../../Driving_New/Content/Props/House/house_10_walls.uasset" 1080
"../../../Driving_New/Content/Props/House/house_10_walls_001.uasset" 1081
"../../../Driving_New/Content/Props/House/house_10_walls_002.uasset" 1082
"../../../Driving_New/Content/Props/House/house_10_walls_003.uasset" 1083
"../../../Driving_New/Content/Props/House/parapet.uasset" 1084
"../../../Driving_New/Content/Props/House/house_10_window_011.uasset" 1085
"../../../Driving_New/Content/Props/House/house_10_window_roof.uasset" 1086
"../../../Driving_New/Content/Props/House/house_10_wood_balls.uasset" 1087
"../../../Driving_New/Content/Textures/RoadTextureAutobahn.uasset" 1088
"../../../Driving_New/Content/Materials/RoadAutobahn.uasset" 1089
"../../../Driving_New/Content/Props/RoadMeshAutobahn.uasset" 1090
"../../../Driving_New/Content/Props/sharp_left.uasset" 1091
"../../../Driving_New/Content/Props/Material_SharpLeft.uasset" 1092
"../../../Driving_New/Content/Props/sharp_left_b.uasset" 1093
"../../../Driving_New/Content/Props/Skyscraper/HighRiseResidential0103_1_download600.uasset" 1094
"../../../Driving_New/Content/Props/Skyscraper/Building2.uasset" 1095
"../../../Driving_New/Content/Props/Skyscraper/BuildingsHighRise0530_1_download600.uasset" 1096
"../../../Driving_New/Content/Props/Skyscraper/roof.uasset" 1097
"../../../Driving_New/Content/Props/Skyscraper/blender_city_project.uasset" 1098
"../../../Driving_New/Content/Props/PoleMaterial.uasset" 1099
"../../../Driving_New/Content/Props/stop1.uasset" 1100
"../../../Driving_New/Content/Props/StopMaterial.uasset" 1101
"../../../Driving_New/Content/Props/stop.uasset" 1102
"../../../Driving_New/Content/Props/Tree/Branches_BIG.uasset" 1103
"../../../Driving_New/Content/Props/Tree/Branches_SMALL.uasset" 1104
"../../../Driving_New/Content/Props/Tree/Leaf_01.uasset" 1105
"../../../Driving_New/Content/Props/Tree/Leaf_02.uasset" 1106
"../../../Driving_New/Content/Props/Tree/Leaf_03.uasset" 1107
"../../../Driving_New/Content/Props/Tree/Roots.uasset" 1108
"../../../Driving_New/Content/Props/Tree/Trunk.uasset" 1109
"../../../Driving_New/Content/Props/Tree/Twigs.uasset" 1110
"../../../Driving_New/Content/Props/Tree/Mantissa_Generic_Tree_001.uasset" 1111
"../../../Driving_New/Content/Props/Woman/female_casualsuit01_diffuse.uasset" 1112
"../../../Driving_New/Content/Props/Woman/female_casualsuit01_normal.uasset" 1113
"../../../Driving_New/Content/Props/Woman/female_casualsuit01.uasset" 1114
"../../../Driving_New/Content/Props/Woman/brown_eye.uasset" 1115
"../../../Driving_New/Content/Props/Woman/high-poly.uasset" 1116
"../../../Driving_New/Content/Props/Woman/ponytail01_diffuse.uasset" 1117
"../../../Driving_New/Content/Props/Woman/ponytail01.uasset" 1118
"../../../Driving_New/Content/Props/Woman/shoes05_diffuse.uasset" 1119
"../../../Driving_New/Content/Props/Woman/shoes05.uasset" 1120
"../../../Driving_New/Content/Props/Woman/woman_casual_npc1.uasset" 1121
"../../../Driving_New/Content/Props/Woman/woman_casual_npc_PhysicsAsset.uasset" 1122
"../../../Driving_New/Content/Props/Woman/woman_casual_npc.uasset" 1123
"../../../Driving_New/Content/VehicleAdvCPP/Maps/VehicleAdvExampleMap.umap" 1124
"../../../Driving_New/Content/Vehicle/Sedan/Sedan_Skeleton.uasset" 1125
"../../../Driving_New/Content/Vehicle/Sedan/Sedan_AnimBP.uasset" 1126
"../../../Driving_New/Content/VehicleBP/Sedan/Sedan_BackWheel.uasset" 1127
"../../../Driving_New/Content/VehicleBP/Sedan/Sedan_FrontWheel.uasset" 1128
"../../../Driving_New/Content/Vehicle/Sedan/Sedan_PhysMat.uasset" 1129
"../../../Driving_New/Content/Vehicle/Sedan/Materials/M_Vehicle_Sedan_Inst_Glass.uasset" 1130
"../../../Driving_New/Content/Vehicle/Sedan/Materials/M_Vehicle_Sedan_Inst_Headlights.uasset" 1131
"../../../Driving_New/Content/Vehicle/Sedan/Materials/M_Vehicle_Sedan_Inst_Plastic.uasset" 1132
"../../../Driving_New/Content/Vehicle/Sedan/Materials/M_Vehicle_Sedan_Inst_TailLights.uasset" 1133
"../../../Driving_New/Content/Vehicle/Sedan/Materials/M_Vehicle_Sedan_Inst_Tires.uasset" 1134
"../../../Driving_New/Content/Vehicle/Sedan/Materials/M_Vehicle_Sedan_Inst_Wheels.uasset" 1135
"../../../Driving_New/Content/Vehicle/Sedan/Sedan_PhysicsAsset.uasset" 1136
"../../../Driving_New/Content/Vehicle/Sedan/Sedan_SkelMesh.uasset" 1137
"../../../Driving_New/Content/VehicleBP/Sedan/Sedan.uasset" 1138
"../../../Driving_New/Content/VehicleBP/Blueprints/VehicleHUD.uasset" 1139
"../../../Driving_New/Content/VehicleBP/Blueprints/VehicleGameMode.uasset" 1140
"../../../Driving_New/Content/VehicleBP/Maps/VehicleExampleMap_BuiltData.uasset" 1141
"../../../Driving_New/Content/Vehicle/Meshes/BaseMaterial.uasset" 1142
"../../../Driving_New/Content/Vehicle/Meshes/GrayMaterial.uasset" 1143
"../../../Driving_New/Content/Vehicle/Meshes/OrangeMaterial.uasset" 1144
"../../../Driving_New/Content/Vehicle/Meshes/WhiteMaterial.uasset" 1145
"../../../Driving_New/Content/Geometry/Meshes/1M_Cube.uasset" 1146
"../../../Driving_New/Content/Geometry/Meshes/1M_Cube_Chamfer.uasset" 1147
"../../../Driving_New/Content/Vehicle/Meshes/RoughTerrain_StaticMesh.uasset" 1148
"../../../Driving_New/Content/VehicleBP/Maps/VehicleExampleMap.umap" 1149
"../../../Engine/Content/Maps/Entry.umap" 1150
